Unable to locate tools.jar. Expected to find it in C:\Program Files\Java\jre1.8.0_151\lib\tools.jar
Buildfile: H:\GitHub\dita-rng-converter\nakohdo\build.xml
     [echo] catalogOutDir=H:\GitHub\dita-rng-converter\nakohdo\parson\1.3

init:
     [echo] outdir=parson
     [echo] catalogOutDir="H:\GitHub\dita-rng-converter\nakohdo\parson\1.3"
     [echo] saxonDir="C:\FranksProgramme\Oxygen XML Editor 19\lib"

clean:
    [mkdir] Created dir: H:\GitHub\dita-rng-converter\nakohdo\parson\1.3

generate-dtd:
     [java]  + [INFO] Parameters:
     [java]   
     [java]   debug              ="false"
     [java]   ditaVersion        ="1.3"
     [java]   generateModules    ="false (false)"
     [java]   headerCommentStyle ="comment-per-line"
     [java]   moduleOutdir       ="H:\GitHub\dita-rng-converter\nakohdo\parson\1.3\dtd"
     [java]   outdir             ="H:\GitHub\dita-rng-converter\nakohdo\parson\1.3\dtd"
     [java]   usePublicIDsInShell="true (true)"
     [java] 
     [java] 
     [java]  + [INFO] Preparing documents to process...
     [java]  + [INFO] processDir: effectiveRootDir="file:/H:/DITA/RNG2DTD_Converter/rng2dtd/parson-rng/com.parson-europe.dita.rng/
     [java] Recoverable error 
     [java]   FODC0002: Exception thrown by URIResolver: Malformed URL
     [java]   urn:par:dita:rng:par_subjectSchemeConstraintMod.rng(base
     [java]   file:/H:/DITA/RNG2DTD_Converter/rng2dtd/parson-rng/com.parson-europe.dita.rng/rng/subjectScheme/rng/par_subjectScheme.rng): unknown protocol: urn
     [java] Recoverable error 
     [java]   FODC0002: Exception thrown by URIResolver: Malformed URL
     [java]   urn:par:dita:rng:par_mapConstraintMod.rng(base
     [java]   file:/H:/DITA/RNG2DTD_Converter/rng2dtd/parson-rng/com.parson-europe.dita.rng/rng/subjectScheme/rng/par_subjectScheme.rng): unknown protocol: urn
     [java] Recoverable error 
     [java]   FODC0002: Exception thrown by URIResolver: Malformed URL
     [java]   urn:par:dita:rng:par_highlightDomainConstraint.rng(base
     [java]   file:/H:/DITA/RNG2DTD_Converter/rng2dtd/parson-rng/com.parson-europe.dita.rng/rng/subjectScheme/rng/par_subjectScheme.rng): unknown protocol: urn
     [java] Recoverable error 
     [java]   FODC0002: Exception thrown by URIResolver: Malformed URL
     [java]   urn:par:dita:rng:par_utilitiesDomainConstraint.rng(base
     [java]   file:/H:/DITA/RNG2DTD_Converter/rng2dtd/parson-rng/com.parson-europe.dita.rng/rng/subjectScheme/rng/par_subjectScheme.rng): unknown protocol: urn
     [java] Recoverable error 
     [java]   FODC0002: Exception thrown by URIResolver: Malformed URL
     [java]   urn:par:dita:rng:par_uiDomainConstraint.rng(base
     [java]   file:/H:/DITA/RNG2DTD_Converter/rng2dtd/parson-rng/com.parson-europe.dita.rng/rng/subjectScheme/rng/par_subjectScheme.rng): unknown protocol: urn
     [java] Recoverable error 
     [java]   FODC0002: Exception thrown by URIResolver: Malformed URL
     [java]   urn:par:dita:rng:par_softwareDomainConstraint.rng(base
     [java]   file:/H:/DITA/RNG2DTD_Converter/rng2dtd/parson-rng/com.parson-europe.dita.rng/rng/subjectScheme/rng/par_subjectScheme.rng): unknown protocol: urn
     [java] Recoverable error 
     [java]   FODC0002: Exception thrown by URIResolver: Malformed URL
     [java]   urn:par:dita:rng:par_programmingDomainConstraint.rng(base
     [java]   file:/H:/DITA/RNG2DTD_Converter/rng2dtd/parson-rng/com.parson-europe.dita.rng/rng/subjectScheme/rng/par_subjectScheme.rng): unknown protocol: urn
     [java] Recoverable error 
     [java]   FODC0002: Exception thrown by URIResolver: Malformed URL
     [java]   urn:par:dita:rng:par_indexingDomainConstraint.rng(base
     [java]   file:/H:/DITA/RNG2DTD_Converter/rng2dtd/parson-rng/com.parson-europe.dita.rng/rng/subjectScheme/rng/par_subjectScheme.rng): unknown protocol: urn
     [java] Recoverable error 
     [java]   FODC0002: Exception thrown by URIResolver: Malformed URL
     [java]   urn:par:dita:rng:par_hazardstatementDomainConstraint.rng(base
     [java]   file:/H:/DITA/RNG2DTD_Converter/rng2dtd/parson-rng/com.parson-europe.dita.rng/rng/subjectScheme/rng/par_subjectScheme.rng): unknown protocol: urn
     [java] Recoverable error 
     [java]   FODC0002: Exception thrown by URIResolver: Malformed URL
     [java]   urn:par:dita:rng:par_conceptConstraintMod.rng(base
     [java]   file:/H:/DITA/RNG2DTD_Converter/rng2dtd/parson-rng/com.parson-europe.dita.rng/rng/technicalContent/rng/par_concept.rng): unknown protocol: urn
     [java] Recoverable error 
     [java]   FODC0002: Exception thrown by URIResolver: Malformed URL
     [java]   urn:par:dita:rng:par_topicConstraintMod.rng(base
     [java]   file:/H:/DITA/RNG2DTD_Converter/rng2dtd/parson-rng/com.parson-europe.dita.rng/rng/technicalContent/rng/par_concept.rng): unknown protocol: urn
     [java] Recoverable error 
     [java]   FODC0002: Document has been marked not available: urn:par:dita:rng:par_softwareDomainConstraint.rng
     [java] Recoverable error 
     [java]   FODC0002: Exception thrown by URIResolver: Malformed URL
     [java]   urn:par:dita:rng:par_abbreviateDomainConstraint.rng(base
     [java]   file:/H:/DITA/RNG2DTD_Converter/rng2dtd/parson-rng/com.parson-europe.dita.rng/rng/technicalContent/rng/par_concept.rng): unknown protocol: urn
     [java] Recoverable error 
     [java]   FODC0002: Document has been marked not available:
     [java]   urn:par:dita:rng:par_programmingDomainConstraint.rng
     [java] Recoverable error 
     [java]   FODC0002: Document has been marked not available: urn:par:dita:rng:par_uiDomainConstraint.rng
     [java] Recoverable error 
     [java]   FODC0002: Exception thrown by URIResolver: Malformed URL
     [java]   urn:par:dita:rng:par_mathmlDomainConstraint.rng(base
     [java]   file:/H:/DITA/RNG2DTD_Converter/rng2dtd/parson-rng/com.parson-europe.dita.rng/rng/technicalContent/rng/par_concept.rng): unknown protocol: urn
     [java] Recoverable error 
     [java]   FODC0002: Exception thrown by URIResolver: Malformed URL
     [java]   urn:par:dita:rng:par_equationDomainConstraint.rng(base
     [java]   file:/H:/DITA/RNG2DTD_Converter/rng2dtd/parson-rng/com.parson-europe.dita.rng/rng/technicalContent/rng/par_concept.rng): unknown protocol: urn
     [java] Recoverable error 
     [java]   FODC0002: Document has been marked not available: urn:par:dita:rng:par_highlightDomainConstraint.rng
     [java] Recoverable error 
     [java]   FODC0002: Document has been marked not available: urn:par:dita:rng:par_indexingDomainConstraint.rng
     [java] Recoverable error 
     [java]   FODC0002: Document has been marked not available: urn:par:dita:rng:par_utilitiesDomainConstraint.rng
     [java] Recoverable error 
     [java]   FODC0002: Document has been marked not available:
     [java]   urn:par:dita:rng:par_hazardstatementDomainConstraint.rng
     [java] Recoverable error 
     [java]   FODC0002: Document has been marked not available: urn:par:dita:rng:par_topicConstraintMod.rng
     [java] Recoverable error 
     [java]   FODC0002: Document has been marked not available: urn:par:dita:rng:par_conceptConstraintMod.rng
     [java] Recoverable error 
     [java]   FODC0002: Exception thrown by URIResolver: Malformed URL
     [java]   urn:par:dita:rng:par_glossentryConstraintMod.rng(base
     [java]   file:/H:/DITA/RNG2DTD_Converter/rng2dtd/parson-rng/com.parson-europe.dita.rng/rng/technicalContent/rng/par_glossentry.rng): unknown protocol: urn
     [java] Recoverable error 
     [java]   FODC0002: Document has been marked not available: urn:par:dita:rng:par_softwareDomainConstraint.rng
     [java] Recoverable error 
     [java]   FODC0002: Document has been marked not available:
     [java]   urn:par:dita:rng:par_abbreviateDomainConstraint.rng
     [java] No more warnings will be displayed
     [java]  + [INFO] Getting list of unique modules...
     [java]  + [INFO] Removing div elements from modules...
     [java]  + [DEBUG] URN="urn:oasis:names:tc:dita:rng:releaseManagementDomain.rng:1.3" is mapped to "file:/C:/FranksProgramme/Oxygen%20XML%20Editor%2019/frameworks/dita/DITA-OT2.x/plugins/org.oasis-open.dita.v1_3/rng/technicalContent/rng/releaseManagementDomain.rng"
     [java]  + [DEBUG] URN="urn:oasis:names:tc:dita:rng:glossrefDomain.rng:1.3" is mapped to "file:/C:/FranksProgramme/Oxygen%20XML%20Editor%2019/frameworks/dita/DITA-OT2.x/plugins/org.oasis-open.dita.v1_3/rng/technicalContent/rng/glossrefDomain.rng"
     [java]  + [INFO] Generating DTD files in output directory "H:\GitHub\dita-rng-converter\nakohdo\parson\1.3\dtd"...
     [java]  - [WARN] getReferencedModules: Failed to resolve reference to module for href "urn:par:dita:rng:par_subjectSchemeConstraintMod.rng relative to URI "file:/H:/DITA/RNG2DTD_Converter/rng2dtd/parson-rng/com.parson-europe.dita.rng/rng/subjectScheme/rng/par_subjectScheme.rng".
     [java]  - [WARN] getReferencedModules: Failed to resolve reference to module for href "urn:par:dita:rng:par_mapConstraintMod.rng relative to URI "file:/H:/DITA/RNG2DTD_Converter/rng2dtd/parson-rng/com.parson-europe.dita.rng/rng/subjectScheme/rng/par_subjectScheme.rng".
     [java]  - [WARN] getReferencedModules: Failed to resolve reference to module for href "urn:par:dita:rng:par_highlightDomainConstraint.rng relative to URI "file:/H:/DITA/RNG2DTD_Converter/rng2dtd/parson-rng/com.parson-europe.dita.rng/rng/subjectScheme/rng/par_subjectScheme.rng".
     [java]  - [WARN] getReferencedModules: Failed to resolve reference to module for href "urn:par:dita:rng:par_utilitiesDomainConstraint.rng relative to URI "file:/H:/DITA/RNG2DTD_Converter/rng2dtd/parson-rng/com.parson-europe.dita.rng/rng/subjectScheme/rng/par_subjectScheme.rng".
     [java]  - [WARN] getReferencedModules: Failed to resolve reference to module for href "urn:par:dita:rng:par_uiDomainConstraint.rng relative to URI "file:/H:/DITA/RNG2DTD_Converter/rng2dtd/parson-rng/com.parson-europe.dita.rng/rng/subjectScheme/rng/par_subjectScheme.rng".
     [java]  - [WARN] getReferencedModules: Failed to resolve reference to module for href "urn:par:dita:rng:par_softwareDomainConstraint.rng relative to URI "file:/H:/DITA/RNG2DTD_Converter/rng2dtd/parson-rng/com.parson-europe.dita.rng/rng/subjectScheme/rng/par_subjectScheme.rng".
     [java]  - [WARN] getReferencedModules: Failed to resolve reference to module for href "urn:par:dita:rng:par_programmingDomainConstraint.rng relative to URI "file:/H:/DITA/RNG2DTD_Converter/rng2dtd/parson-rng/com.parson-europe.dita.rng/rng/subjectScheme/rng/par_subjectScheme.rng".
     [java]  - [WARN] getReferencedModules: Failed to resolve reference to module for href "urn:par:dita:rng:par_indexingDomainConstraint.rng relative to URI "file:/H:/DITA/RNG2DTD_Converter/rng2dtd/parson-rng/com.parson-europe.dita.rng/rng/subjectScheme/rng/par_subjectScheme.rng".
     [java]  - [WARN] getReferencedModules: Failed to resolve reference to module for href "urn:par:dita:rng:par_hazardstatementDomainConstraint.rng relative to URI "file:/H:/DITA/RNG2DTD_Converter/rng2dtd/parson-rng/com.parson-europe.dita.rng/rng/subjectScheme/rng/par_subjectScheme.rng".
     [java]  + [INFO] === Generating DTD shell par_subjectScheme.dtd...
     [java]  + [INFO]    Domain modules to integrate: 
     [java]  - [WARN] rngfunc:getIncludedModules(): Failed to resolve URI "urn:par:dita:rng:par_subjectSchemeConstraintMod.rng" to a module.
     [java]  - [WARN]    Base URI = "file:/H:/DITA/RNG2DTD_Converter/rng2dtd/parson-rng/com.parson-europe.dita.rng/rng/subjectScheme/rng/par_subjectScheme.rng"
     [java]  - [WARN] rngfunc:getIncludedModules(): Failed to resolve URI "urn:par:dita:rng:par_mapConstraintMod.rng" to a module.
     [java]  - [WARN]    Base URI = "file:/H:/DITA/RNG2DTD_Converter/rng2dtd/parson-rng/com.parson-europe.dita.rng/rng/subjectScheme/rng/par_subjectScheme.rng"
     [java]  - [WARN] rngfunc:getIncludedModules(): Failed to resolve URI "urn:par:dita:rng:par_highlightDomainConstraint.rng" to a module.
     [java]  - [WARN]    Base URI = "file:/H:/DITA/RNG2DTD_Converter/rng2dtd/parson-rng/com.parson-europe.dita.rng/rng/subjectScheme/rng/par_subjectScheme.rng"
     [java]  - [WARN] rngfunc:getIncludedModules(): Failed to resolve URI "urn:par:dita:rng:par_utilitiesDomainConstraint.rng" to a module.
     [java]  - [WARN]    Base URI = "file:/H:/DITA/RNG2DTD_Converter/rng2dtd/parson-rng/com.parson-europe.dita.rng/rng/subjectScheme/rng/par_subjectScheme.rng"
     [java]  - [WARN] rngfunc:getIncludedModules(): Failed to resolve URI "urn:par:dita:rng:par_uiDomainConstraint.rng" to a module.
     [java]  - [WARN]    Base URI = "file:/H:/DITA/RNG2DTD_Converter/rng2dtd/parson-rng/com.parson-europe.dita.rng/rng/subjectScheme/rng/par_subjectScheme.rng"
     [java]  - [WARN] rngfunc:getIncludedModules(): Failed to resolve URI "urn:par:dita:rng:par_softwareDomainConstraint.rng" to a module.
     [java]  - [WARN]    Base URI = "file:/H:/DITA/RNG2DTD_Converter/rng2dtd/parson-rng/com.parson-europe.dita.rng/rng/subjectScheme/rng/par_subjectScheme.rng"
     [java]  - [WARN] rngfunc:getIncludedModules(): Failed to resolve URI "urn:par:dita:rng:par_programmingDomainConstraint.rng" to a module.
     [java]  - [WARN]    Base URI = "file:/H:/DITA/RNG2DTD_Converter/rng2dtd/parson-rng/com.parson-europe.dita.rng/rng/subjectScheme/rng/par_subjectScheme.rng"
     [java]  - [WARN] rngfunc:getIncludedModules(): Failed to resolve URI "urn:par:dita:rng:par_indexingDomainConstraint.rng" to a module.
     [java]  - [WARN]    Base URI = "file:/H:/DITA/RNG2DTD_Converter/rng2dtd/parson-rng/com.parson-europe.dita.rng/rng/subjectScheme/rng/par_subjectScheme.rng"
     [java]  - [WARN] rngfunc:getIncludedModules(): Failed to resolve URI "urn:par:dita:rng:par_hazardstatementDomainConstraint.rng" to a module.
     [java]  - [WARN]    Base URI = "file:/H:/DITA/RNG2DTD_Converter/rng2dtd/parson-rng/com.parson-europe.dita.rng/rng/subjectScheme/rng/par_subjectScheme.rng"
     [java]  + [INFO] === DTD shell par_subjectScheme.dtd generated.
     [java]  - [WARN] getReferencedModules: Failed to resolve reference to module for href "urn:par:dita:rng:par_conceptConstraintMod.rng relative to URI "file:/H:/DITA/RNG2DTD_Converter/rng2dtd/parson-rng/com.parson-europe.dita.rng/rng/technicalContent/rng/par_concept.rng".
     [java]  - [WARN] getReferencedModules: Failed to resolve reference to module for href "urn:par:dita:rng:par_topicConstraintMod.rng relative to URI "file:/H:/DITA/RNG2DTD_Converter/rng2dtd/parson-rng/com.parson-europe.dita.rng/rng/technicalContent/rng/par_concept.rng".
     [java]  - [WARN] getReferencedModules: Failed to resolve reference to module for href "urn:par:dita:rng:par_softwareDomainConstraint.rng relative to URI "file:/H:/DITA/RNG2DTD_Converter/rng2dtd/parson-rng/com.parson-europe.dita.rng/rng/technicalContent/rng/par_concept.rng".
     [java]  - [WARN] getReferencedModules: Failed to resolve reference to module for href "urn:par:dita:rng:par_abbreviateDomainConstraint.rng relative to URI "file:/H:/DITA/RNG2DTD_Converter/rng2dtd/parson-rng/com.parson-europe.dita.rng/rng/technicalContent/rng/par_concept.rng".
     [java]  - [WARN] getReferencedModules: Failed to resolve reference to module for href "urn:par:dita:rng:par_programmingDomainConstraint.rng relative to URI "file:/H:/DITA/RNG2DTD_Converter/rng2dtd/parson-rng/com.parson-europe.dita.rng/rng/technicalContent/rng/par_concept.rng".
     [java]  - [WARN] getReferencedModules: Failed to resolve reference to module for href "urn:par:dita:rng:par_uiDomainConstraint.rng relative to URI "file:/H:/DITA/RNG2DTD_Converter/rng2dtd/parson-rng/com.parson-europe.dita.rng/rng/technicalContent/rng/par_concept.rng".
     [java]  - [WARN] getReferencedModules: Failed to resolve reference to module for href "urn:par:dita:rng:par_mathmlDomainConstraint.rng relative to URI "file:/H:/DITA/RNG2DTD_Converter/rng2dtd/parson-rng/com.parson-europe.dita.rng/rng/technicalContent/rng/par_concept.rng".
     [java]  - [WARN] getReferencedModules: Failed to resolve reference to module for href "urn:par:dita:rng:par_equationDomainConstraint.rng relative to URI "file:/H:/DITA/RNG2DTD_Converter/rng2dtd/parson-rng/com.parson-europe.dita.rng/rng/technicalContent/rng/par_concept.rng".
     [java]  - [WARN] getReferencedModules: Failed to resolve reference to module for href "urn:par:dita:rng:par_highlightDomainConstraint.rng relative to URI "file:/H:/DITA/RNG2DTD_Converter/rng2dtd/parson-rng/com.parson-europe.dita.rng/rng/technicalContent/rng/par_concept.rng".
     [java]  - [WARN] getReferencedModules: Failed to resolve reference to module for href "urn:par:dita:rng:par_indexingDomainConstraint.rng relative to URI "file:/H:/DITA/RNG2DTD_Converter/rng2dtd/parson-rng/com.parson-europe.dita.rng/rng/technicalContent/rng/par_concept.rng".
     [java]  - [WARN] getReferencedModules: Failed to resolve reference to module for href "urn:par:dita:rng:par_utilitiesDomainConstraint.rng relative to URI "file:/H:/DITA/RNG2DTD_Converter/rng2dtd/parson-rng/com.parson-europe.dita.rng/rng/technicalContent/rng/par_concept.rng".
     [java]  - [WARN] getReferencedModules: Failed to resolve reference to module for href "urn:par:dita:rng:par_hazardstatementDomainConstraint.rng relative to URI "file:/H:/DITA/RNG2DTD_Converter/rng2dtd/parson-rng/com.parson-europe.dita.rng/rng/technicalContent/rng/par_concept.rng".
     [java]  + [INFO] === Generating DTD shell par_concept.dtd...
     [java]  + [INFO]    Domain modules to integrate: 
     [java]  + [WARN] Failed to resolve reference to URI "urn:par:dita:rng:par_conceptConstraintMod.rng, relative to base URI
     [java] "file:/H:/DITA/RNG2DTD_Converter/rng2dtd/parson-rng/com.parson-europe.dita.rng/rng/technicalContent/rng/par_concept.rng"
     [java]  + [WARN] Failed to resolve reference to URI "urn:par:dita:rng:par_topicConstraintMod.rng, relative to base URI
     [java] "file:/H:/DITA/RNG2DTD_Converter/rng2dtd/parson-rng/com.parson-europe.dita.rng/rng/technicalContent/rng/par_concept.rng"
     [java]  + [WARN] Failed to resolve reference to URI "urn:par:dita:rng:par_softwareDomainConstraint.rng, relative to base URI
     [java] "file:/H:/DITA/RNG2DTD_Converter/rng2dtd/parson-rng/com.parson-europe.dita.rng/rng/technicalContent/rng/par_concept.rng"
     [java]  + [WARN] Failed to resolve reference to URI "urn:par:dita:rng:par_abbreviateDomainConstraint.rng, relative to base URI
     [java] "file:/H:/DITA/RNG2DTD_Converter/rng2dtd/parson-rng/com.parson-europe.dita.rng/rng/technicalContent/rng/par_concept.rng"
     [java]  + [WARN] Failed to resolve reference to URI "urn:par:dita:rng:par_programmingDomainConstraint.rng, relative to base URI
     [java] "file:/H:/DITA/RNG2DTD_Converter/rng2dtd/parson-rng/com.parson-europe.dita.rng/rng/technicalContent/rng/par_concept.rng"
     [java]  + [WARN] Failed to resolve reference to URI "urn:par:dita:rng:par_uiDomainConstraint.rng, relative to base URI
     [java] "file:/H:/DITA/RNG2DTD_Converter/rng2dtd/parson-rng/com.parson-europe.dita.rng/rng/technicalContent/rng/par_concept.rng"
     [java]  + [WARN] Failed to resolve reference to URI "urn:par:dita:rng:par_mathmlDomainConstraint.rng, relative to base URI
     [java] "file:/H:/DITA/RNG2DTD_Converter/rng2dtd/parson-rng/com.parson-europe.dita.rng/rng/technicalContent/rng/par_concept.rng"
     [java]  + [WARN] Failed to resolve reference to URI "urn:par:dita:rng:par_equationDomainConstraint.rng, relative to base URI
     [java] "file:/H:/DITA/RNG2DTD_Converter/rng2dtd/parson-rng/com.parson-europe.dita.rng/rng/technicalContent/rng/par_concept.rng"
     [java]  + [WARN] Failed to resolve reference to URI "urn:par:dita:rng:par_highlightDomainConstraint.rng, relative to base URI
     [java] "file:/H:/DITA/RNG2DTD_Converter/rng2dtd/parson-rng/com.parson-europe.dita.rng/rng/technicalContent/rng/par_concept.rng"
     [java]  + [WARN] Failed to resolve reference to URI "urn:par:dita:rng:par_indexingDomainConstraint.rng, relative to base URI
     [java] "file:/H:/DITA/RNG2DTD_Converter/rng2dtd/parson-rng/com.parson-europe.dita.rng/rng/technicalContent/rng/par_concept.rng"
     [java]  + [WARN] Failed to resolve reference to URI "urn:par:dita:rng:par_utilitiesDomainConstraint.rng, relative to base URI
     [java] "file:/H:/DITA/RNG2DTD_Converter/rng2dtd/parson-rng/com.parson-europe.dita.rng/rng/technicalContent/rng/par_concept.rng"
     [java]  + [WARN] Failed to resolve reference to URI "urn:par:dita:rng:par_hazardstatementDomainConstraint.rng, relative to base URI
     [java] "file:/H:/DITA/RNG2DTD_Converter/rng2dtd/parson-rng/com.parson-europe.dita.rng/rng/technicalContent/rng/par_concept.rng"
     [java]  - [WARN] rngfunc:getIncludedModules(): Failed to resolve URI "urn:par:dita:rng:par_conceptConstraintMod.rng" to a module.
     [java]  - [WARN]    Base URI = "file:/H:/DITA/RNG2DTD_Converter/rng2dtd/parson-rng/com.parson-europe.dita.rng/rng/technicalContent/rng/par_concept.rng"
     [java]  - [WARN] rngfunc:getIncludedModules(): Failed to resolve URI "urn:par:dita:rng:par_topicConstraintMod.rng" to a module.
     [java]  - [WARN]    Base URI = "file:/H:/DITA/RNG2DTD_Converter/rng2dtd/parson-rng/com.parson-europe.dita.rng/rng/technicalContent/rng/par_concept.rng"
     [java]  - [WARN] rngfunc:getIncludedModules(): Failed to resolve URI "urn:par:dita:rng:par_softwareDomainConstraint.rng" to a module.
     [java]  - [WARN]    Base URI = "file:/H:/DITA/RNG2DTD_Converter/rng2dtd/parson-rng/com.parson-europe.dita.rng/rng/technicalContent/rng/par_concept.rng"
     [java]  - [WARN] rngfunc:getIncludedModules(): Failed to resolve URI "urn:par:dita:rng:par_abbreviateDomainConstraint.rng" to a module.
     [java]  - [WARN]    Base URI = "file:/H:/DITA/RNG2DTD_Converter/rng2dtd/parson-rng/com.parson-europe.dita.rng/rng/technicalContent/rng/par_concept.rng"
     [java]  - [WARN] rngfunc:getIncludedModules(): Failed to resolve URI "urn:par:dita:rng:par_programmingDomainConstraint.rng" to a module.
     [java]  - [WARN]    Base URI = "file:/H:/DITA/RNG2DTD_Converter/rng2dtd/parson-rng/com.parson-europe.dita.rng/rng/technicalContent/rng/par_concept.rng"
     [java]  - [WARN] rngfunc:getIncludedModules(): Failed to resolve URI "urn:par:dita:rng:par_uiDomainConstraint.rng" to a module.
     [java]  - [WARN]    Base URI = "file:/H:/DITA/RNG2DTD_Converter/rng2dtd/parson-rng/com.parson-europe.dita.rng/rng/technicalContent/rng/par_concept.rng"
     [java]  - [WARN] rngfunc:getIncludedModules(): Failed to resolve URI "urn:par:dita:rng:par_mathmlDomainConstraint.rng" to a module.
     [java]  - [WARN]    Base URI = "file:/H:/DITA/RNG2DTD_Converter/rng2dtd/parson-rng/com.parson-europe.dita.rng/rng/technicalContent/rng/par_concept.rng"
     [java]  - [WARN] rngfunc:getIncludedModules(): Failed to resolve URI "urn:par:dita:rng:par_equationDomainConstraint.rng" to a module.
     [java]  - [WARN]    Base URI = "file:/H:/DITA/RNG2DTD_Converter/rng2dtd/parson-rng/com.parson-europe.dita.rng/rng/technicalContent/rng/par_concept.rng"
     [java]  - [WARN] rngfunc:getIncludedModules(): Failed to resolve URI "urn:par:dita:rng:par_highlightDomainConstraint.rng" to a module.
     [java]  - [WARN]    Base URI = "file:/H:/DITA/RNG2DTD_Converter/rng2dtd/parson-rng/com.parson-europe.dita.rng/rng/technicalContent/rng/par_concept.rng"
     [java]  - [WARN] rngfunc:getIncludedModules(): Failed to resolve URI "urn:par:dita:rng:par_indexingDomainConstraint.rng" to a module.
     [java]  - [WARN]    Base URI = "file:/H:/DITA/RNG2DTD_Converter/rng2dtd/parson-rng/com.parson-europe.dita.rng/rng/technicalContent/rng/par_concept.rng"
     [java]  - [WARN] rngfunc:getIncludedModules(): Failed to resolve URI "urn:par:dita:rng:par_utilitiesDomainConstraint.rng" to a module.
     [java]  - [WARN]    Base URI = "file:/H:/DITA/RNG2DTD_Converter/rng2dtd/parson-rng/com.parson-europe.dita.rng/rng/technicalContent/rng/par_concept.rng"
     [java]  - [WARN] rngfunc:getIncludedModules(): Failed to resolve URI "urn:par:dita:rng:par_hazardstatementDomainConstraint.rng" to a module.
     [java]  - [WARN]    Base URI = "file:/H:/DITA/RNG2DTD_Converter/rng2dtd/parson-rng/com.parson-europe.dita.rng/rng/technicalContent/rng/par_concept.rng"
     [java]  + [INFO] === DTD shell par_concept.dtd generated.
     [java]  - [WARN] getReferencedModules: Failed to resolve reference to module for href "urn:par:dita:rng:par_topicConstraintMod.rng relative to URI "file:/H:/DITA/RNG2DTD_Converter/rng2dtd/parson-rng/com.parson-europe.dita.rng/rng/technicalContent/rng/par_glossentry.rng".
     [java]  - [WARN] getReferencedModules: Failed to resolve reference to module for href "urn:par:dita:rng:par_conceptConstraintMod.rng relative to URI "file:/H:/DITA/RNG2DTD_Converter/rng2dtd/parson-rng/com.parson-europe.dita.rng/rng/technicalContent/rng/par_glossentry.rng".
     [java]  - [WARN] getReferencedModules: Failed to resolve reference to module for href "urn:par:dita:rng:par_glossentryConstraintMod.rng relative to URI "file:/H:/DITA/RNG2DTD_Converter/rng2dtd/parson-rng/com.parson-europe.dita.rng/rng/technicalContent/rng/par_glossentry.rng".
     [java]  - [WARN] getReferencedModules: Failed to resolve reference to module for href "urn:par:dita:rng:par_softwareDomainConstraint.rng relative to URI "file:/H:/DITA/RNG2DTD_Converter/rng2dtd/parson-rng/com.parson-europe.dita.rng/rng/technicalContent/rng/par_glossentry.rng".
     [java]  - [WARN] getReferencedModules: Failed to resolve reference to module for href "urn:par:dita:rng:par_abbreviateDomainConstraint.rng relative to URI "file:/H:/DITA/RNG2DTD_Converter/rng2dtd/parson-rng/com.parson-europe.dita.rng/rng/technicalContent/rng/par_glossentry.rng".
     [java]  - [WARN] getReferencedModules: Failed to resolve reference to module for href "urn:par:dita:rng:par_programmingDomainConstraint.rng relative to URI "file:/H:/DITA/RNG2DTD_Converter/rng2dtd/parson-rng/com.parson-europe.dita.rng/rng/technicalContent/rng/par_glossentry.rng".
     [java]  - [WARN] getReferencedModules: Failed to resolve reference to module for href "urn:par:dita:rng:par_uiDomainConstraint.rng relative to URI "file:/H:/DITA/RNG2DTD_Converter/rng2dtd/parson-rng/com.parson-europe.dita.rng/rng/technicalContent/rng/par_glossentry.rng".
     [java]  - [WARN] getReferencedModules: Failed to resolve reference to module for href "urn:par:dita:rng:par_mathmlDomainConstraint.rng relative to URI "file:/H:/DITA/RNG2DTD_Converter/rng2dtd/parson-rng/com.parson-europe.dita.rng/rng/technicalContent/rng/par_glossentry.rng".
     [java]  - [WARN] getReferencedModules: Failed to resolve reference to module for href "urn:par:dita:rng:par_equationDomainConstraint.rng relative to URI "file:/H:/DITA/RNG2DTD_Converter/rng2dtd/parson-rng/com.parson-europe.dita.rng/rng/technicalContent/rng/par_glossentry.rng".
     [java]  - [WARN] getReferencedModules: Failed to resolve reference to module for href "urn:par:dita:rng:par_highlightDomainConstraint.rng relative to URI "file:/H:/DITA/RNG2DTD_Converter/rng2dtd/parson-rng/com.parson-europe.dita.rng/rng/technicalContent/rng/par_glossentry.rng".
     [java]  - [WARN] getReferencedModules: Failed to resolve reference to module for href "urn:par:dita:rng:par_indexingDomainConstraint.rng relative to URI "file:/H:/DITA/RNG2DTD_Converter/rng2dtd/parson-rng/com.parson-europe.dita.rng/rng/technicalContent/rng/par_glossentry.rng".
     [java]  - [WARN] getReferencedModules: Failed to resolve reference to module for href "urn:par:dita:rng:par_utilitiesDomainConstraint.rng relative to URI "file:/H:/DITA/RNG2DTD_Converter/rng2dtd/parson-rng/com.parson-europe.dita.rng/rng/technicalContent/rng/par_glossentry.rng".
     [java]  - [WARN] getReferencedModules: Failed to resolve reference to module for href "urn:par:dita:rng:par_hazardstatementDomainConstraint.rng relative to URI "file:/H:/DITA/RNG2DTD_Converter/rng2dtd/parson-rng/com.parson-europe.dita.rng/rng/technicalContent/rng/par_glossentry.rng".
     [java]  + [INFO] === Generating DTD shell par_glossentry.dtd...
     [java]  + [INFO]    Domain modules to integrate: 
     [java]  + [WARN] Failed to resolve reference to URI "urn:par:dita:rng:par_topicConstraintMod.rng, relative to base URI
     [java] "file:/H:/DITA/RNG2DTD_Converter/rng2dtd/parson-rng/com.parson-europe.dita.rng/rng/technicalContent/rng/par_glossentry.rng"
     [java]  + [WARN] Failed to resolve reference to URI "urn:par:dita:rng:par_conceptConstraintMod.rng, relative to base URI
     [java] "file:/H:/DITA/RNG2DTD_Converter/rng2dtd/parson-rng/com.parson-europe.dita.rng/rng/technicalContent/rng/par_glossentry.rng"
     [java]  + [WARN] Failed to resolve reference to URI "urn:par:dita:rng:par_glossentryConstraintMod.rng, relative to base URI
     [java] "file:/H:/DITA/RNG2DTD_Converter/rng2dtd/parson-rng/com.parson-europe.dita.rng/rng/technicalContent/rng/par_glossentry.rng"
     [java]  + [WARN] Failed to resolve reference to URI "urn:par:dita:rng:par_softwareDomainConstraint.rng, relative to base URI
     [java] "file:/H:/DITA/RNG2DTD_Converter/rng2dtd/parson-rng/com.parson-europe.dita.rng/rng/technicalContent/rng/par_glossentry.rng"
     [java]  + [WARN] Failed to resolve reference to URI "urn:par:dita:rng:par_abbreviateDomainConstraint.rng, relative to base URI
     [java] "file:/H:/DITA/RNG2DTD_Converter/rng2dtd/parson-rng/com.parson-europe.dita.rng/rng/technicalContent/rng/par_glossentry.rng"
     [java]  + [WARN] Failed to resolve reference to URI "urn:par:dita:rng:par_programmingDomainConstraint.rng, relative to base URI
     [java] "file:/H:/DITA/RNG2DTD_Converter/rng2dtd/parson-rng/com.parson-europe.dita.rng/rng/technicalContent/rng/par_glossentry.rng"
     [java]  + [WARN] Failed to resolve reference to URI "urn:par:dita:rng:par_uiDomainConstraint.rng, relative to base URI
     [java] "file:/H:/DITA/RNG2DTD_Converter/rng2dtd/parson-rng/com.parson-europe.dita.rng/rng/technicalContent/rng/par_glossentry.rng"
     [java]  + [WARN] Failed to resolve reference to URI "urn:par:dita:rng:par_mathmlDomainConstraint.rng, relative to base URI
     [java] "file:/H:/DITA/RNG2DTD_Converter/rng2dtd/parson-rng/com.parson-europe.dita.rng/rng/technicalContent/rng/par_glossentry.rng"
     [java]  + [WARN] Failed to resolve reference to URI "urn:par:dita:rng:par_equationDomainConstraint.rng, relative to base URI
     [java] "file:/H:/DITA/RNG2DTD_Converter/rng2dtd/parson-rng/com.parson-europe.dita.rng/rng/technicalContent/rng/par_glossentry.rng"
     [java]  + [WARN] Failed to resolve reference to URI "urn:par:dita:rng:par_highlightDomainConstraint.rng, relative to base URI
     [java] "file:/H:/DITA/RNG2DTD_Converter/rng2dtd/parson-rng/com.parson-europe.dita.rng/rng/technicalContent/rng/par_glossentry.rng"
     [java]  + [WARN] Failed to resolve reference to URI "urn:par:dita:rng:par_indexingDomainConstraint.rng, relative to base URI
     [java] "file:/H:/DITA/RNG2DTD_Converter/rng2dtd/parson-rng/com.parson-europe.dita.rng/rng/technicalContent/rng/par_glossentry.rng"
     [java]  + [WARN] Failed to resolve reference to URI "urn:par:dita:rng:par_utilitiesDomainConstraint.rng, relative to base URI
     [java] "file:/H:/DITA/RNG2DTD_Converter/rng2dtd/parson-rng/com.parson-europe.dita.rng/rng/technicalContent/rng/par_glossentry.rng"
     [java]  + [WARN] Failed to resolve reference to URI "urn:par:dita:rng:par_hazardstatementDomainConstraint.rng, relative to base URI
     [java] "file:/H:/DITA/RNG2DTD_Converter/rng2dtd/parson-rng/com.parson-europe.dita.rng/rng/technicalContent/rng/par_glossentry.rng"
     [java]  - [WARN] rngfunc:getIncludedModules(): Failed to resolve URI "urn:par:dita:rng:par_topicConstraintMod.rng" to a module.
     [java]  - [WARN]    Base URI = "file:/H:/DITA/RNG2DTD_Converter/rng2dtd/parson-rng/com.parson-europe.dita.rng/rng/technicalContent/rng/par_glossentry.rng"
     [java]  - [WARN] rngfunc:getIncludedModules(): Failed to resolve URI "urn:par:dita:rng:par_conceptConstraintMod.rng" to a module.
     [java]  - [WARN]    Base URI = "file:/H:/DITA/RNG2DTD_Converter/rng2dtd/parson-rng/com.parson-europe.dita.rng/rng/technicalContent/rng/par_glossentry.rng"
     [java]  - [WARN] rngfunc:getIncludedModules(): Failed to resolve URI "urn:par:dita:rng:par_glossentryConstraintMod.rng" to a module.
     [java]  - [WARN]    Base URI = "file:/H:/DITA/RNG2DTD_Converter/rng2dtd/parson-rng/com.parson-europe.dita.rng/rng/technicalContent/rng/par_glossentry.rng"
     [java]  - [WARN] rngfunc:getIncludedModules(): Failed to resolve URI "urn:par:dita:rng:par_softwareDomainConstraint.rng" to a module.
     [java]  - [WARN]    Base URI = "file:/H:/DITA/RNG2DTD_Converter/rng2dtd/parson-rng/com.parson-europe.dita.rng/rng/technicalContent/rng/par_glossentry.rng"
     [java]  - [WARN] rngfunc:getIncludedModules(): Failed to resolve URI "urn:par:dita:rng:par_abbreviateDomainConstraint.rng" to a module.
     [java]  - [WARN]    Base URI = "file:/H:/DITA/RNG2DTD_Converter/rng2dtd/parson-rng/com.parson-europe.dita.rng/rng/technicalContent/rng/par_glossentry.rng"
     [java]  - [WARN] rngfunc:getIncludedModules(): Failed to resolve URI "urn:par:dita:rng:par_programmingDomainConstraint.rng" to a module.
     [java]  - [WARN]    Base URI = "file:/H:/DITA/RNG2DTD_Converter/rng2dtd/parson-rng/com.parson-europe.dita.rng/rng/technicalContent/rng/par_glossentry.rng"
     [java]  - [WARN] rngfunc:getIncludedModules(): Failed to resolve URI "urn:par:dita:rng:par_uiDomainConstraint.rng" to a module.
     [java]  - [WARN]    Base URI = "file:/H:/DITA/RNG2DTD_Converter/rng2dtd/parson-rng/com.parson-europe.dita.rng/rng/technicalContent/rng/par_glossentry.rng"
     [java]  - [WARN] rngfunc:getIncludedModules(): Failed to resolve URI "urn:par:dita:rng:par_mathmlDomainConstraint.rng" to a module.
     [java]  - [WARN]    Base URI = "file:/H:/DITA/RNG2DTD_Converter/rng2dtd/parson-rng/com.parson-europe.dita.rng/rng/technicalContent/rng/par_glossentry.rng"
     [java]  - [WARN] rngfunc:getIncludedModules(): Failed to resolve URI "urn:par:dita:rng:par_equationDomainConstraint.rng" to a module.
     [java]  - [WARN]    Base URI = "file:/H:/DITA/RNG2DTD_Converter/rng2dtd/parson-rng/com.parson-europe.dita.rng/rng/technicalContent/rng/par_glossentry.rng"
     [java]  - [WARN] rngfunc:getIncludedModules(): Failed to resolve URI "urn:par:dita:rng:par_highlightDomainConstraint.rng" to a module.
     [java]  - [WARN]    Base URI = "file:/H:/DITA/RNG2DTD_Converter/rng2dtd/parson-rng/com.parson-europe.dita.rng/rng/technicalContent/rng/par_glossentry.rng"
     [java]  - [WARN] rngfunc:getIncludedModules(): Failed to resolve URI "urn:par:dita:rng:par_indexingDomainConstraint.rng" to a module.
     [java]  - [WARN]    Base URI = "file:/H:/DITA/RNG2DTD_Converter/rng2dtd/parson-rng/com.parson-europe.dita.rng/rng/technicalContent/rng/par_glossentry.rng"
     [java]  - [WARN] rngfunc:getIncludedModules(): Failed to resolve URI "urn:par:dita:rng:par_utilitiesDomainConstraint.rng" to a module.
     [java]  - [WARN]    Base URI = "file:/H:/DITA/RNG2DTD_Converter/rng2dtd/parson-rng/com.parson-europe.dita.rng/rng/technicalContent/rng/par_glossentry.rng"
     [java]  - [WARN] rngfunc:getIncludedModules(): Failed to resolve URI "urn:par:dita:rng:par_hazardstatementDomainConstraint.rng" to a module.
     [java]  - [WARN]    Base URI = "file:/H:/DITA/RNG2DTD_Converter/rng2dtd/parson-rng/com.parson-europe.dita.rng/rng/technicalContent/rng/par_glossentry.rng"
     [java]  + [INFO] === DTD shell par_glossentry.dtd generated.
     [java]  - [WARN] getReferencedModules: Failed to resolve reference to module for href "urn:par:dita:rng:par_topicConstraintMod.rng relative to URI "file:/H:/DITA/RNG2DTD_Converter/rng2dtd/parson-rng/com.parson-europe.dita.rng/rng/technicalContent/rng/par_glossgroup.rng".
     [java]  - [WARN] getReferencedModules: Failed to resolve reference to module for href "urn:par:dita:rng:par_conceptConstraintMod.rng relative to URI "file:/H:/DITA/RNG2DTD_Converter/rng2dtd/parson-rng/com.parson-europe.dita.rng/rng/technicalContent/rng/par_glossgroup.rng".
     [java]  - [WARN] getReferencedModules: Failed to resolve reference to module for href "urn:par:dita:rng:par_glossentryConstraintMod.rng relative to URI "file:/H:/DITA/RNG2DTD_Converter/rng2dtd/parson-rng/com.parson-europe.dita.rng/rng/technicalContent/rng/par_glossgroup.rng".
     [java]  - [WARN] getReferencedModules: Failed to resolve reference to module for href "urn:par:dita:rng:par_glossgroupConstraintMod.rng relative to URI "file:/H:/DITA/RNG2DTD_Converter/rng2dtd/parson-rng/com.parson-europe.dita.rng/rng/technicalContent/rng/par_glossgroup.rng".
     [java]  - [WARN] getReferencedModules: Failed to resolve reference to module for href "urn:par:dita:rng:par_softwareDomainConstraint.rng relative to URI "file:/H:/DITA/RNG2DTD_Converter/rng2dtd/parson-rng/com.parson-europe.dita.rng/rng/technicalContent/rng/par_glossgroup.rng".
     [java]  - [WARN] getReferencedModules: Failed to resolve reference to module for href "urn:par:dita:rng:par_abbreviateDomainConstraint.rng relative to URI "file:/H:/DITA/RNG2DTD_Converter/rng2dtd/parson-rng/com.parson-europe.dita.rng/rng/technicalContent/rng/par_glossgroup.rng".
     [java]  - [WARN] getReferencedModules: Failed to resolve reference to module for href "urn:par:dita:rng:par_programmingDomainConstraint.rng relative to URI "file:/H:/DITA/RNG2DTD_Converter/rng2dtd/parson-rng/com.parson-europe.dita.rng/rng/technicalContent/rng/par_glossgroup.rng".
     [java]  - [WARN] getReferencedModules: Failed to resolve reference to module for href "urn:par:dita:rng:par_uiDomainConstraint.rng relative to URI "file:/H:/DITA/RNG2DTD_Converter/rng2dtd/parson-rng/com.parson-europe.dita.rng/rng/technicalContent/rng/par_glossgroup.rng".
     [java]  - [WARN] getReferencedModules: Failed to resolve reference to module for href "urn:par:dita:rng:par_mathmlDomainConstraint.rng relative to URI "file:/H:/DITA/RNG2DTD_Converter/rng2dtd/parson-rng/com.parson-europe.dita.rng/rng/technicalContent/rng/par_glossgroup.rng".
     [java]  - [WARN] getReferencedModules: Failed to resolve reference to module for href "urn:par:dita:rng:par_equationDomainConstraint.rng relative to URI "file:/H:/DITA/RNG2DTD_Converter/rng2dtd/parson-rng/com.parson-europe.dita.rng/rng/technicalContent/rng/par_glossgroup.rng".
     [java]  - [WARN] getReferencedModules: Failed to resolve reference to module for href "urn:par:dita:rng:par_highlightDomainConstraint.rng relative to URI "file:/H:/DITA/RNG2DTD_Converter/rng2dtd/parson-rng/com.parson-europe.dita.rng/rng/technicalContent/rng/par_glossgroup.rng".
     [java]  - [WARN] getReferencedModules: Failed to resolve reference to module for href "urn:par:dita:rng:par_indexingDomainConstraint.rng relative to URI "file:/H:/DITA/RNG2DTD_Converter/rng2dtd/parson-rng/com.parson-europe.dita.rng/rng/technicalContent/rng/par_glossgroup.rng".
     [java]  - [WARN] getReferencedModules: Failed to resolve reference to module for href "urn:par:dita:rng:par_utilitiesDomainConstraint.rng relative to URI "file:/H:/DITA/RNG2DTD_Converter/rng2dtd/parson-rng/com.parson-europe.dita.rng/rng/technicalContent/rng/par_glossgroup.rng".
     [java]  - [WARN] getReferencedModules: Failed to resolve reference to module for href "urn:par:dita:rng:par_hazardstatementDomainConstraint.rng relative to URI "file:/H:/DITA/RNG2DTD_Converter/rng2dtd/parson-rng/com.parson-europe.dita.rng/rng/technicalContent/rng/par_glossgroup.rng".
     [java]  + [INFO] === Generating DTD shell par_glossgroup.dtd...
     [java]  + [INFO]    Domain modules to integrate: 
     [java]  + [WARN] Failed to resolve reference to URI "urn:par:dita:rng:par_topicConstraintMod.rng, relative to base URI
     [java] "file:/H:/DITA/RNG2DTD_Converter/rng2dtd/parson-rng/com.parson-europe.dita.rng/rng/technicalContent/rng/par_glossgroup.rng"
     [java]  + [WARN] Failed to resolve reference to URI "urn:par:dita:rng:par_conceptConstraintMod.rng, relative to base URI
     [java] "file:/H:/DITA/RNG2DTD_Converter/rng2dtd/parson-rng/com.parson-europe.dita.rng/rng/technicalContent/rng/par_glossgroup.rng"
     [java]  + [WARN] Failed to resolve reference to URI "urn:par:dita:rng:par_glossentryConstraintMod.rng, relative to base URI
     [java] "file:/H:/DITA/RNG2DTD_Converter/rng2dtd/parson-rng/com.parson-europe.dita.rng/rng/technicalContent/rng/par_glossgroup.rng"
     [java]  + [WARN] Failed to resolve reference to URI "urn:par:dita:rng:par_glossgroupConstraintMod.rng, relative to base URI
     [java] "file:/H:/DITA/RNG2DTD_Converter/rng2dtd/parson-rng/com.parson-europe.dita.rng/rng/technicalContent/rng/par_glossgroup.rng"
     [java]  + [WARN] Failed to resolve reference to URI "urn:par:dita:rng:par_softwareDomainConstraint.rng, relative to base URI
     [java] "file:/H:/DITA/RNG2DTD_Converter/rng2dtd/parson-rng/com.parson-europe.dita.rng/rng/technicalContent/rng/par_glossgroup.rng"
     [java]  + [WARN] Failed to resolve reference to URI "urn:par:dita:rng:par_abbreviateDomainConstraint.rng, relative to base URI
     [java] "file:/H:/DITA/RNG2DTD_Converter/rng2dtd/parson-rng/com.parson-europe.dita.rng/rng/technicalContent/rng/par_glossgroup.rng"
     [java]  + [WARN] Failed to resolve reference to URI "urn:par:dita:rng:par_programmingDomainConstraint.rng, relative to base URI
     [java] "file:/H:/DITA/RNG2DTD_Converter/rng2dtd/parson-rng/com.parson-europe.dita.rng/rng/technicalContent/rng/par_glossgroup.rng"
     [java]  + [WARN] Failed to resolve reference to URI "urn:par:dita:rng:par_uiDomainConstraint.rng, relative to base URI
     [java] "file:/H:/DITA/RNG2DTD_Converter/rng2dtd/parson-rng/com.parson-europe.dita.rng/rng/technicalContent/rng/par_glossgroup.rng"
     [java]  + [WARN] Failed to resolve reference to URI "urn:par:dita:rng:par_mathmlDomainConstraint.rng, relative to base URI
     [java] "file:/H:/DITA/RNG2DTD_Converter/rng2dtd/parson-rng/com.parson-europe.dita.rng/rng/technicalContent/rng/par_glossgroup.rng"
     [java]  + [WARN] Failed to resolve reference to URI "urn:par:dita:rng:par_equationDomainConstraint.rng, relative to base URI
     [java] "file:/H:/DITA/RNG2DTD_Converter/rng2dtd/parson-rng/com.parson-europe.dita.rng/rng/technicalContent/rng/par_glossgroup.rng"
     [java]  + [WARN] Failed to resolve reference to URI "urn:par:dita:rng:par_highlightDomainConstraint.rng, relative to base URI
     [java] "file:/H:/DITA/RNG2DTD_Converter/rng2dtd/parson-rng/com.parson-europe.dita.rng/rng/technicalContent/rng/par_glossgroup.rng"
     [java]  + [WARN] Failed to resolve reference to URI "urn:par:dita:rng:par_indexingDomainConstraint.rng, relative to base URI
     [java] "file:/H:/DITA/RNG2DTD_Converter/rng2dtd/parson-rng/com.parson-europe.dita.rng/rng/technicalContent/rng/par_glossgroup.rng"
     [java]  + [WARN] Failed to resolve reference to URI "urn:par:dita:rng:par_utilitiesDomainConstraint.rng, relative to base URI
     [java] "file:/H:/DITA/RNG2DTD_Converter/rng2dtd/parson-rng/com.parson-europe.dita.rng/rng/technicalContent/rng/par_glossgroup.rng"
     [java]  + [WARN] Failed to resolve reference to URI "urn:par:dita:rng:par_hazardstatementDomainConstraint.rng, relative to base URI
     [java] "file:/H:/DITA/RNG2DTD_Converter/rng2dtd/parson-rng/com.parson-europe.dita.rng/rng/technicalContent/rng/par_glossgroup.rng"
     [java]  - [WARN] rngfunc:getIncludedModules(): Failed to resolve URI "urn:par:dita:rng:par_topicConstraintMod.rng" to a module.
     [java]  - [WARN]    Base URI = "file:/H:/DITA/RNG2DTD_Converter/rng2dtd/parson-rng/com.parson-europe.dita.rng/rng/technicalContent/rng/par_glossgroup.rng"
     [java]  - [WARN] rngfunc:getIncludedModules(): Failed to resolve URI "urn:par:dita:rng:par_conceptConstraintMod.rng" to a module.
     [java]  - [WARN]    Base URI = "file:/H:/DITA/RNG2DTD_Converter/rng2dtd/parson-rng/com.parson-europe.dita.rng/rng/technicalContent/rng/par_glossgroup.rng"
     [java]  - [WARN] rngfunc:getIncludedModules(): Failed to resolve URI "urn:par:dita:rng:par_glossentryConstraintMod.rng" to a module.
     [java]  - [WARN]    Base URI = "file:/H:/DITA/RNG2DTD_Converter/rng2dtd/parson-rng/com.parson-europe.dita.rng/rng/technicalContent/rng/par_glossgroup.rng"
     [java]  - [WARN] rngfunc:getIncludedModules(): Failed to resolve URI "urn:par:dita:rng:par_glossgroupConstraintMod.rng" to a module.
     [java]  - [WARN]    Base URI = "file:/H:/DITA/RNG2DTD_Converter/rng2dtd/parson-rng/com.parson-europe.dita.rng/rng/technicalContent/rng/par_glossgroup.rng"
     [java]  - [WARN] rngfunc:getIncludedModules(): Failed to resolve URI "urn:par:dita:rng:par_softwareDomainConstraint.rng" to a module.
     [java]  - [WARN]    Base URI = "file:/H:/DITA/RNG2DTD_Converter/rng2dtd/parson-rng/com.parson-europe.dita.rng/rng/technicalContent/rng/par_glossgroup.rng"
     [java]  - [WARN] rngfunc:getIncludedModules(): Failed to resolve URI "urn:par:dita:rng:par_abbreviateDomainConstraint.rng" to a module.
     [java]  - [WARN]    Base URI = "file:/H:/DITA/RNG2DTD_Converter/rng2dtd/parson-rng/com.parson-europe.dita.rng/rng/technicalContent/rng/par_glossgroup.rng"
     [java]  - [WARN] rngfunc:getIncludedModules(): Failed to resolve URI "urn:par:dita:rng:par_programmingDomainConstraint.rng" to a module.
     [java]  - [WARN]    Base URI = "file:/H:/DITA/RNG2DTD_Converter/rng2dtd/parson-rng/com.parson-europe.dita.rng/rng/technicalContent/rng/par_glossgroup.rng"
     [java]  - [WARN] rngfunc:getIncludedModules(): Failed to resolve URI "urn:par:dita:rng:par_uiDomainConstraint.rng" to a module.
     [java]  - [WARN]    Base URI = "file:/H:/DITA/RNG2DTD_Converter/rng2dtd/parson-rng/com.parson-europe.dita.rng/rng/technicalContent/rng/par_glossgroup.rng"
     [java]  - [WARN] rngfunc:getIncludedModules(): Failed to resolve URI "urn:par:dita:rng:par_mathmlDomainConstraint.rng" to a module.
     [java]  - [WARN]    Base URI = "file:/H:/DITA/RNG2DTD_Converter/rng2dtd/parson-rng/com.parson-europe.dita.rng/rng/technicalContent/rng/par_glossgroup.rng"
     [java]  - [WARN] rngfunc:getIncludedModules(): Failed to resolve URI "urn:par:dita:rng:par_equationDomainConstraint.rng" to a module.
     [java]  - [WARN]    Base URI = "file:/H:/DITA/RNG2DTD_Converter/rng2dtd/parson-rng/com.parson-europe.dita.rng/rng/technicalContent/rng/par_glossgroup.rng"
     [java]  - [WARN] rngfunc:getIncludedModules(): Failed to resolve URI "urn:par:dita:rng:par_highlightDomainConstraint.rng" to a module.
     [java]  - [WARN]    Base URI = "file:/H:/DITA/RNG2DTD_Converter/rng2dtd/parson-rng/com.parson-europe.dita.rng/rng/technicalContent/rng/par_glossgroup.rng"
     [java]  - [WARN] rngfunc:getIncludedModules(): Failed to resolve URI "urn:par:dita:rng:par_indexingDomainConstraint.rng" to a module.
     [java]  - [WARN]    Base URI = "file:/H:/DITA/RNG2DTD_Converter/rng2dtd/parson-rng/com.parson-europe.dita.rng/rng/technicalContent/rng/par_glossgroup.rng"
     [java]  - [WARN] rngfunc:getIncludedModules(): Failed to resolve URI "urn:par:dita:rng:par_utilitiesDomainConstraint.rng" to a module.
     [java]  - [WARN]    Base URI = "file:/H:/DITA/RNG2DTD_Converter/rng2dtd/parson-rng/com.parson-europe.dita.rng/rng/technicalContent/rng/par_glossgroup.rng"
     [java]  - [WARN] rngfunc:getIncludedModules(): Failed to resolve URI "urn:par:dita:rng:par_hazardstatementDomainConstraint.rng" to a module.
     [java]  - [WARN]    Base URI = "file:/H:/DITA/RNG2DTD_Converter/rng2dtd/parson-rng/com.parson-europe.dita.rng/rng/technicalContent/rng/par_glossgroup.rng"
     [java]  + [INFO] === DTD shell par_glossgroup.dtd generated.
     [java]  - [WARN] getReferencedModules: Failed to resolve reference to module for href "urn:par:dita:rng:par_mapConstraintMod.rng relative to URI "file:/H:/DITA/RNG2DTD_Converter/rng2dtd/parson-rng/com.parson-europe.dita.rng/rng/technicalContent/rng/par_map.rng".
     [java]  - [WARN] getReferencedModules: Failed to resolve reference to module for href "urn:par:dita:rng:par_softwareDomainConstraint.rng relative to URI "file:/H:/DITA/RNG2DTD_Converter/rng2dtd/parson-rng/com.parson-europe.dita.rng/rng/technicalContent/rng/par_map.rng".
     [java]  - [WARN] getReferencedModules: Failed to resolve reference to module for href "urn:par:dita:rng:par_abbreviateDomainConstraint.rng relative to URI "file:/H:/DITA/RNG2DTD_Converter/rng2dtd/parson-rng/com.parson-europe.dita.rng/rng/technicalContent/rng/par_map.rng".
     [java]  - [WARN] getReferencedModules: Failed to resolve reference to module for href "urn:par:dita:rng:par_programmingDomainConstraint.rng relative to URI "file:/H:/DITA/RNG2DTD_Converter/rng2dtd/parson-rng/com.parson-europe.dita.rng/rng/technicalContent/rng/par_map.rng".
     [java]  - [WARN] getReferencedModules: Failed to resolve reference to module for href "urn:par:dita:rng:par_uiDomainConstraint.rng relative to URI "file:/H:/DITA/RNG2DTD_Converter/rng2dtd/parson-rng/com.parson-europe.dita.rng/rng/technicalContent/rng/par_map.rng".
     [java]  - [WARN] getReferencedModules: Failed to resolve reference to module for href "urn:par:dita:rng:par_highlightDomainConstraint.rng relative to URI "file:/H:/DITA/RNG2DTD_Converter/rng2dtd/parson-rng/com.parson-europe.dita.rng/rng/technicalContent/rng/par_map.rng".
     [java]  - [WARN] getReferencedModules: Failed to resolve reference to module for href "urn:par:dita:rng:par_indexingDomainConstraint.rng relative to URI "file:/H:/DITA/RNG2DTD_Converter/rng2dtd/parson-rng/com.parson-europe.dita.rng/rng/technicalContent/rng/par_map.rng".
     [java]  - [WARN] getReferencedModules: Failed to resolve reference to module for href "urn:par:dita:rng:par_utilitiesDomainConstraint.rng relative to URI "file:/H:/DITA/RNG2DTD_Converter/rng2dtd/parson-rng/com.parson-europe.dita.rng/rng/technicalContent/rng/par_map.rng".
     [java]  - [WARN] getReferencedModules: Failed to resolve reference to module for href "urn:par:dita:rng:par_mapGroupDomainConstraint.rng relative to URI "file:/H:/DITA/RNG2DTD_Converter/rng2dtd/parson-rng/com.parson-europe.dita.rng/rng/technicalContent/rng/par_map.rng".
     [java]  - [WARN] getReferencedModules: Failed to resolve reference to module for href "urn:par:dita:rng:par_ditavalrefDomainConstraint.rng relative to URI "file:/H:/DITA/RNG2DTD_Converter/rng2dtd/parson-rng/com.parson-europe.dita.rng/rng/technicalContent/rng/par_map.rng".
     [java]  - [WARN] getReferencedModules: Failed to resolve reference to module for href "urn:par:dita:rng:par_hazardstatementDomainConstraint.rng relative to URI "file:/H:/DITA/RNG2DTD_Converter/rng2dtd/parson-rng/com.parson-europe.dita.rng/rng/technicalContent/rng/par_map.rng".
     [java]  + [INFO] === Generating DTD shell par_map.dtd...
     [java]  + [INFO]    Domain modules to integrate: 
     [java]  - [WARN] rngfunc:getIncludedModules(): Failed to resolve URI "urn:par:dita:rng:par_mapConstraintMod.rng" to a module.
     [java]  - [WARN]    Base URI = "file:/H:/DITA/RNG2DTD_Converter/rng2dtd/parson-rng/com.parson-europe.dita.rng/rng/technicalContent/rng/par_map.rng"
     [java]  - [WARN] rngfunc:getIncludedModules(): Failed to resolve URI "urn:par:dita:rng:par_softwareDomainConstraint.rng" to a module.
     [java]  - [WARN]    Base URI = "file:/H:/DITA/RNG2DTD_Converter/rng2dtd/parson-rng/com.parson-europe.dita.rng/rng/technicalContent/rng/par_map.rng"
     [java]  - [WARN] rngfunc:getIncludedModules(): Failed to resolve URI "urn:par:dita:rng:par_abbreviateDomainConstraint.rng" to a module.
     [java]  - [WARN]    Base URI = "file:/H:/DITA/RNG2DTD_Converter/rng2dtd/parson-rng/com.parson-europe.dita.rng/rng/technicalContent/rng/par_map.rng"
     [java]  - [WARN] rngfunc:getIncludedModules(): Failed to resolve URI "urn:par:dita:rng:par_programmingDomainConstraint.rng" to a module.
     [java]  - [WARN]    Base URI = "file:/H:/DITA/RNG2DTD_Converter/rng2dtd/parson-rng/com.parson-europe.dita.rng/rng/technicalContent/rng/par_map.rng"
     [java]  - [WARN] rngfunc:getIncludedModules(): Failed to resolve URI "urn:par:dita:rng:par_uiDomainConstraint.rng" to a module.
     [java]  - [WARN]    Base URI = "file:/H:/DITA/RNG2DTD_Converter/rng2dtd/parson-rng/com.parson-europe.dita.rng/rng/technicalContent/rng/par_map.rng"
     [java]  - [WARN] rngfunc:getIncludedModules(): Failed to resolve URI "urn:par:dita:rng:par_highlightDomainConstraint.rng" to a module.
     [java]  - [WARN]    Base URI = "file:/H:/DITA/RNG2DTD_Converter/rng2dtd/parson-rng/com.parson-europe.dita.rng/rng/technicalContent/rng/par_map.rng"
     [java]  - [WARN] rngfunc:getIncludedModules(): Failed to resolve URI "urn:par:dita:rng:par_indexingDomainConstraint.rng" to a module.
     [java]  - [WARN]    Base URI = "file:/H:/DITA/RNG2DTD_Converter/rng2dtd/parson-rng/com.parson-europe.dita.rng/rng/technicalContent/rng/par_map.rng"
     [java]  - [WARN] rngfunc:getIncludedModules(): Failed to resolve URI "urn:par:dita:rng:par_utilitiesDomainConstraint.rng" to a module.
     [java]  - [WARN]    Base URI = "file:/H:/DITA/RNG2DTD_Converter/rng2dtd/parson-rng/com.parson-europe.dita.rng/rng/technicalContent/rng/par_map.rng"
     [java]  - [WARN] rngfunc:getIncludedModules(): Failed to resolve URI "urn:par:dita:rng:par_mapGroupDomainConstraint.rng" to a module.
     [java]  - [WARN]    Base URI = "file:/H:/DITA/RNG2DTD_Converter/rng2dtd/parson-rng/com.parson-europe.dita.rng/rng/technicalContent/rng/par_map.rng"
     [java]  - [WARN] rngfunc:getIncludedModules(): Failed to resolve URI "urn:par:dita:rng:par_ditavalrefDomainConstraint.rng" to a module.
     [java]  - [WARN]    Base URI = "file:/H:/DITA/RNG2DTD_Converter/rng2dtd/parson-rng/com.parson-europe.dita.rng/rng/technicalContent/rng/par_map.rng"
     [java]  - [WARN] rngfunc:getIncludedModules(): Failed to resolve URI "urn:par:dita:rng:par_hazardstatementDomainConstraint.rng" to a module.
     [java]  - [WARN]    Base URI = "file:/H:/DITA/RNG2DTD_Converter/rng2dtd/parson-rng/com.parson-europe.dita.rng/rng/technicalContent/rng/par_map.rng"
     [java]  + [INFO] === DTD shell par_map.dtd generated.
     [java]  - [WARN] getReferencedModules: Failed to resolve reference to module for href "urn:par:dita:rng:par_referenceConstraintMod.rng relative to URI "file:/H:/DITA/RNG2DTD_Converter/rng2dtd/parson-rng/com.parson-europe.dita.rng/rng/technicalContent/rng/par_reference.rng".
     [java]  - [WARN] getReferencedModules: Failed to resolve reference to module for href "urn:par:dita:rng:par_topicConstraintMod.rng relative to URI "file:/H:/DITA/RNG2DTD_Converter/rng2dtd/parson-rng/com.parson-europe.dita.rng/rng/technicalContent/rng/par_reference.rng".
     [java]  - [WARN] getReferencedModules: Failed to resolve reference to module for href "urn:par:dita:rng:par_softwareDomainConstraint.rng relative to URI "file:/H:/DITA/RNG2DTD_Converter/rng2dtd/parson-rng/com.parson-europe.dita.rng/rng/technicalContent/rng/par_reference.rng".
     [java]  - [WARN] getReferencedModules: Failed to resolve reference to module for href "urn:par:dita:rng:par_abbreviateDomainConstraint.rng relative to URI "file:/H:/DITA/RNG2DTD_Converter/rng2dtd/parson-rng/com.parson-europe.dita.rng/rng/technicalContent/rng/par_reference.rng".
     [java]  - [WARN] getReferencedModules: Failed to resolve reference to module for href "urn:par:dita:rng:par_programmingDomainConstraint.rng relative to URI "file:/H:/DITA/RNG2DTD_Converter/rng2dtd/parson-rng/com.parson-europe.dita.rng/rng/technicalContent/rng/par_reference.rng".
     [java]  - [WARN] getReferencedModules: Failed to resolve reference to module for href "urn:par:dita:rng:par_uiDomainConstraint.rng relative to URI "file:/H:/DITA/RNG2DTD_Converter/rng2dtd/parson-rng/com.parson-europe.dita.rng/rng/technicalContent/rng/par_reference.rng".
     [java]  - [WARN] getReferencedModules: Failed to resolve reference to module for href "urn:par:dita:rng:par_mathmlDomainConstraint.rng relative to URI "file:/H:/DITA/RNG2DTD_Converter/rng2dtd/parson-rng/com.parson-europe.dita.rng/rng/technicalContent/rng/par_reference.rng".
     [java]  - [WARN] getReferencedModules: Failed to resolve reference to module for href "urn:par:dita:rng:par_equationDomainConstraint.rng relative to URI "file:/H:/DITA/RNG2DTD_Converter/rng2dtd/parson-rng/com.parson-europe.dita.rng/rng/technicalContent/rng/par_reference.rng".
     [java]  - [WARN] getReferencedModules: Failed to resolve reference to module for href "urn:par:dita:rng:par_highlightDomainConstraint.rng relative to URI "file:/H:/DITA/RNG2DTD_Converter/rng2dtd/parson-rng/com.parson-europe.dita.rng/rng/technicalContent/rng/par_reference.rng".
     [java]  - [WARN] getReferencedModules: Failed to resolve reference to module for href "urn:par:dita:rng:par_indexingDomainConstraint.rng relative to URI "file:/H:/DITA/RNG2DTD_Converter/rng2dtd/parson-rng/com.parson-europe.dita.rng/rng/technicalContent/rng/par_reference.rng".
     [java]  - [WARN] getReferencedModules: Failed to resolve reference to module for href "urn:par:dita:rng:par_utilitiesDomainConstraint.rng relative to URI "file:/H:/DITA/RNG2DTD_Converter/rng2dtd/parson-rng/com.parson-europe.dita.rng/rng/technicalContent/rng/par_reference.rng".
     [java]  - [WARN] getReferencedModules: Failed to resolve reference to module for href "urn:par:dita:rng:par_hazardstatementDomainConstraint.rng relative to URI "file:/H:/DITA/RNG2DTD_Converter/rng2dtd/parson-rng/com.parson-europe.dita.rng/rng/technicalContent/rng/par_reference.rng".
     [java]  + [INFO] === Generating DTD shell par_reference.dtd...
     [java]  + [INFO]    Domain modules to integrate: 
     [java]  + [WARN] Failed to resolve reference to URI "urn:par:dita:rng:par_referenceConstraintMod.rng, relative to base URI
     [java] "file:/H:/DITA/RNG2DTD_Converter/rng2dtd/parson-rng/com.parson-europe.dita.rng/rng/technicalContent/rng/par_reference.rng"
     [java]  + [WARN] Failed to resolve reference to URI "urn:par:dita:rng:par_topicConstraintMod.rng, relative to base URI
     [java] "file:/H:/DITA/RNG2DTD_Converter/rng2dtd/parson-rng/com.parson-europe.dita.rng/rng/technicalContent/rng/par_reference.rng"
     [java]  + [WARN] Failed to resolve reference to URI "urn:par:dita:rng:par_softwareDomainConstraint.rng, relative to base URI
     [java] "file:/H:/DITA/RNG2DTD_Converter/rng2dtd/parson-rng/com.parson-europe.dita.rng/rng/technicalContent/rng/par_reference.rng"
     [java]  + [WARN] Failed to resolve reference to URI "urn:par:dita:rng:par_abbreviateDomainConstraint.rng, relative to base URI
     [java] "file:/H:/DITA/RNG2DTD_Converter/rng2dtd/parson-rng/com.parson-europe.dita.rng/rng/technicalContent/rng/par_reference.rng"
     [java]  + [WARN] Failed to resolve reference to URI "urn:par:dita:rng:par_programmingDomainConstraint.rng, relative to base URI
     [java] "file:/H:/DITA/RNG2DTD_Converter/rng2dtd/parson-rng/com.parson-europe.dita.rng/rng/technicalContent/rng/par_reference.rng"
     [java]  + [WARN] Failed to resolve reference to URI "urn:par:dita:rng:par_uiDomainConstraint.rng, relative to base URI
     [java] "file:/H:/DITA/RNG2DTD_Converter/rng2dtd/parson-rng/com.parson-europe.dita.rng/rng/technicalContent/rng/par_reference.rng"
     [java]  + [WARN] Failed to resolve reference to URI "urn:par:dita:rng:par_mathmlDomainConstraint.rng, relative to base URI
     [java] "file:/H:/DITA/RNG2DTD_Converter/rng2dtd/parson-rng/com.parson-europe.dita.rng/rng/technicalContent/rng/par_reference.rng"
     [java]  + [WARN] Failed to resolve reference to URI "urn:par:dita:rng:par_equationDomainConstraint.rng, relative to base URI
     [java] "file:/H:/DITA/RNG2DTD_Converter/rng2dtd/parson-rng/com.parson-europe.dita.rng/rng/technicalContent/rng/par_reference.rng"
     [java]  + [WARN] Failed to resolve reference to URI "urn:par:dita:rng:par_highlightDomainConstraint.rng, relative to base URI
     [java] "file:/H:/DITA/RNG2DTD_Converter/rng2dtd/parson-rng/com.parson-europe.dita.rng/rng/technicalContent/rng/par_reference.rng"
     [java]  + [WARN] Failed to resolve reference to URI "urn:par:dita:rng:par_indexingDomainConstraint.rng, relative to base URI
     [java] "file:/H:/DITA/RNG2DTD_Converter/rng2dtd/parson-rng/com.parson-europe.dita.rng/rng/technicalContent/rng/par_reference.rng"
     [java]  + [WARN] Failed to resolve reference to URI "urn:par:dita:rng:par_utilitiesDomainConstraint.rng, relative to base URI
     [java] "file:/H:/DITA/RNG2DTD_Converter/rng2dtd/parson-rng/com.parson-europe.dita.rng/rng/technicalContent/rng/par_reference.rng"
     [java]  + [WARN] Failed to resolve reference to URI "urn:par:dita:rng:par_hazardstatementDomainConstraint.rng, relative to base URI
     [java] "file:/H:/DITA/RNG2DTD_Converter/rng2dtd/parson-rng/com.parson-europe.dita.rng/rng/technicalContent/rng/par_reference.rng"
     [java]  - [WARN] rngfunc:getIncludedModules(): Failed to resolve URI "urn:par:dita:rng:par_referenceConstraintMod.rng" to a module.
     [java]  - [WARN]    Base URI = "file:/H:/DITA/RNG2DTD_Converter/rng2dtd/parson-rng/com.parson-europe.dita.rng/rng/technicalContent/rng/par_reference.rng"
     [java]  - [WARN] rngfunc:getIncludedModules(): Failed to resolve URI "urn:par:dita:rng:par_topicConstraintMod.rng" to a module.
     [java]  - [WARN]    Base URI = "file:/H:/DITA/RNG2DTD_Converter/rng2dtd/parson-rng/com.parson-europe.dita.rng/rng/technicalContent/rng/par_reference.rng"
     [java]  - [WARN] rngfunc:getIncludedModules(): Failed to resolve URI "urn:par:dita:rng:par_softwareDomainConstraint.rng" to a module.
     [java]  - [WARN]    Base URI = "file:/H:/DITA/RNG2DTD_Converter/rng2dtd/parson-rng/com.parson-europe.dita.rng/rng/technicalContent/rng/par_reference.rng"
     [java]  - [WARN] rngfunc:getIncludedModules(): Failed to resolve URI "urn:par:dita:rng:par_abbreviateDomainConstraint.rng" to a module.
     [java]  - [WARN]    Base URI = "file:/H:/DITA/RNG2DTD_Converter/rng2dtd/parson-rng/com.parson-europe.dita.rng/rng/technicalContent/rng/par_reference.rng"
     [java]  - [WARN] rngfunc:getIncludedModules(): Failed to resolve URI "urn:par:dita:rng:par_programmingDomainConstraint.rng" to a module.
     [java]  - [WARN]    Base URI = "file:/H:/DITA/RNG2DTD_Converter/rng2dtd/parson-rng/com.parson-europe.dita.rng/rng/technicalContent/rng/par_reference.rng"
     [java]  - [WARN] rngfunc:getIncludedModules(): Failed to resolve URI "urn:par:dita:rng:par_uiDomainConstraint.rng" to a module.
     [java]  - [WARN]    Base URI = "file:/H:/DITA/RNG2DTD_Converter/rng2dtd/parson-rng/com.parson-europe.dita.rng/rng/technicalContent/rng/par_reference.rng"
     [java]  - [WARN] rngfunc:getIncludedModules(): Failed to resolve URI "urn:par:dita:rng:par_mathmlDomainConstraint.rng" to a module.
     [java]  - [WARN]    Base URI = "file:/H:/DITA/RNG2DTD_Converter/rng2dtd/parson-rng/com.parson-europe.dita.rng/rng/technicalContent/rng/par_reference.rng"
     [java]  - [WARN] rngfunc:getIncludedModules(): Failed to resolve URI "urn:par:dita:rng:par_equationDomainConstraint.rng" to a module.
     [java]  - [WARN]    Base URI = "file:/H:/DITA/RNG2DTD_Converter/rng2dtd/parson-rng/com.parson-europe.dita.rng/rng/technicalContent/rng/par_reference.rng"
     [java]  - [WARN] rngfunc:getIncludedModules(): Failed to resolve URI "urn:par:dita:rng:par_highlightDomainConstraint.rng" to a module.
     [java]  - [WARN]    Base URI = "file:/H:/DITA/RNG2DTD_Converter/rng2dtd/parson-rng/com.parson-europe.dita.rng/rng/technicalContent/rng/par_reference.rng"
     [java]  - [WARN] rngfunc:getIncludedModules(): Failed to resolve URI "urn:par:dita:rng:par_indexingDomainConstraint.rng" to a module.
     [java]  - [WARN]    Base URI = "file:/H:/DITA/RNG2DTD_Converter/rng2dtd/parson-rng/com.parson-europe.dita.rng/rng/technicalContent/rng/par_reference.rng"
     [java]  - [WARN] rngfunc:getIncludedModules(): Failed to resolve URI "urn:par:dita:rng:par_utilitiesDomainConstraint.rng" to a module.
     [java]  - [WARN]    Base URI = "file:/H:/DITA/RNG2DTD_Converter/rng2dtd/parson-rng/com.parson-europe.dita.rng/rng/technicalContent/rng/par_reference.rng"
     [java]  - [WARN] rngfunc:getIncludedModules(): Failed to resolve URI "urn:par:dita:rng:par_hazardstatementDomainConstraint.rng" to a module.
     [java]  - [WARN]    Base URI = "file:/H:/DITA/RNG2DTD_Converter/rng2dtd/parson-rng/com.parson-europe.dita.rng/rng/technicalContent/rng/par_reference.rng"
     [java]  + [INFO] === DTD shell par_reference.dtd generated.
     [java]  - [WARN] getReferencedModules: Failed to resolve reference to module for href "urn:par:dita:rng:par_taskConstraintMod.rng relative to URI "file:/H:/DITA/RNG2DTD_Converter/rng2dtd/parson-rng/com.parson-europe.dita.rng/rng/technicalContent/rng/par_task.rng".
     [java]  - [WARN] getReferencedModules: Failed to resolve reference to module for href "urn:par:dita:rng:par_topicConstraintMod.rng relative to URI "file:/H:/DITA/RNG2DTD_Converter/rng2dtd/parson-rng/com.parson-europe.dita.rng/rng/technicalContent/rng/par_task.rng".
     [java]  - [WARN] getReferencedModules: Failed to resolve reference to module for href "urn:par:dita:rng:par_softwareDomainConstraint.rng relative to URI "file:/H:/DITA/RNG2DTD_Converter/rng2dtd/parson-rng/com.parson-europe.dita.rng/rng/technicalContent/rng/par_task.rng".
     [java]  - [WARN] getReferencedModules: Failed to resolve reference to module for href "urn:par:dita:rng:par_abbreviateDomainConstraint.rng relative to URI "file:/H:/DITA/RNG2DTD_Converter/rng2dtd/parson-rng/com.parson-europe.dita.rng/rng/technicalContent/rng/par_task.rng".
     [java]  - [WARN] getReferencedModules: Failed to resolve reference to module for href "urn:par:dita:rng:par_programmingDomainConstraint.rng relative to URI "file:/H:/DITA/RNG2DTD_Converter/rng2dtd/parson-rng/com.parson-europe.dita.rng/rng/technicalContent/rng/par_task.rng".
     [java]  - [WARN] getReferencedModules: Failed to resolve reference to module for href "urn:par:dita:rng:par_uiDomainConstraint.rng relative to URI "file:/H:/DITA/RNG2DTD_Converter/rng2dtd/parson-rng/com.parson-europe.dita.rng/rng/technicalContent/rng/par_task.rng".
     [java]  - [WARN] getReferencedModules: Failed to resolve reference to module for href "urn:par:dita:rng:par_mathmlDomainConstraint.rng relative to URI "file:/H:/DITA/RNG2DTD_Converter/rng2dtd/parson-rng/com.parson-europe.dita.rng/rng/technicalContent/rng/par_task.rng".
     [java]  - [WARN] getReferencedModules: Failed to resolve reference to module for href "urn:par:dita:rng:par_equationDomainConstraint.rng relative to URI "file:/H:/DITA/RNG2DTD_Converter/rng2dtd/parson-rng/com.parson-europe.dita.rng/rng/technicalContent/rng/par_task.rng".
     [java]  - [WARN] getReferencedModules: Failed to resolve reference to module for href "urn:par:dita:rng:par_highlightDomainConstraint.rng relative to URI "file:/H:/DITA/RNG2DTD_Converter/rng2dtd/parson-rng/com.parson-europe.dita.rng/rng/technicalContent/rng/par_task.rng".
     [java]  - [WARN] getReferencedModules: Failed to resolve reference to module for href "urn:par:dita:rng:par_indexingDomainConstraint.rng relative to URI "file:/H:/DITA/RNG2DTD_Converter/rng2dtd/parson-rng/com.parson-europe.dita.rng/rng/technicalContent/rng/par_task.rng".
     [java]  - [WARN] getReferencedModules: Failed to resolve reference to module for href "urn:par:dita:rng:par_utilitiesDomainConstraint.rng relative to URI "file:/H:/DITA/RNG2DTD_Converter/rng2dtd/parson-rng/com.parson-europe.dita.rng/rng/technicalContent/rng/par_task.rng".
     [java]  - [WARN] getReferencedModules: Failed to resolve reference to module for href "urn:par:dita:rng:par_hazardstatementDomainConstraint.rng relative to URI "file:/H:/DITA/RNG2DTD_Converter/rng2dtd/parson-rng/com.parson-europe.dita.rng/rng/technicalContent/rng/par_task.rng".
     [java]  + [INFO] === Generating DTD shell par_task.dtd...
     [java]  + [INFO]    Domain modules to integrate: 
     [java]  + [WARN] Failed to resolve reference to URI "urn:par:dita:rng:par_taskConstraintMod.rng, relative to base URI
     [java] "file:/H:/DITA/RNG2DTD_Converter/rng2dtd/parson-rng/com.parson-europe.dita.rng/rng/technicalContent/rng/par_task.rng"
     [java]  + [WARN] Failed to resolve reference to URI "urn:par:dita:rng:par_topicConstraintMod.rng, relative to base URI
     [java] "file:/H:/DITA/RNG2DTD_Converter/rng2dtd/parson-rng/com.parson-europe.dita.rng/rng/technicalContent/rng/par_task.rng"
     [java]  + [WARN] Failed to resolve reference to URI "urn:par:dita:rng:par_softwareDomainConstraint.rng, relative to base URI
     [java] "file:/H:/DITA/RNG2DTD_Converter/rng2dtd/parson-rng/com.parson-europe.dita.rng/rng/technicalContent/rng/par_task.rng"
     [java]  + [WARN] Failed to resolve reference to URI "urn:par:dita:rng:par_abbreviateDomainConstraint.rng, relative to base URI
     [java] "file:/H:/DITA/RNG2DTD_Converter/rng2dtd/parson-rng/com.parson-europe.dita.rng/rng/technicalContent/rng/par_task.rng"
     [java]  + [WARN] Failed to resolve reference to URI "urn:par:dita:rng:par_programmingDomainConstraint.rng, relative to base URI
     [java] "file:/H:/DITA/RNG2DTD_Converter/rng2dtd/parson-rng/com.parson-europe.dita.rng/rng/technicalContent/rng/par_task.rng"
     [java]  + [WARN] Failed to resolve reference to URI "urn:par:dita:rng:par_uiDomainConstraint.rng, relative to base URI
     [java] "file:/H:/DITA/RNG2DTD_Converter/rng2dtd/parson-rng/com.parson-europe.dita.rng/rng/technicalContent/rng/par_task.rng"
     [java]  + [WARN] Failed to resolve reference to URI "urn:par:dita:rng:par_mathmlDomainConstraint.rng, relative to base URI
     [java] "file:/H:/DITA/RNG2DTD_Converter/rng2dtd/parson-rng/com.parson-europe.dita.rng/rng/technicalContent/rng/par_task.rng"
     [java]  + [WARN] Failed to resolve reference to URI "urn:par:dita:rng:par_equationDomainConstraint.rng, relative to base URI
     [java] "file:/H:/DITA/RNG2DTD_Converter/rng2dtd/parson-rng/com.parson-europe.dita.rng/rng/technicalContent/rng/par_task.rng"
     [java]  + [WARN] Failed to resolve reference to URI "urn:par:dita:rng:par_highlightDomainConstraint.rng, relative to base URI
     [java] "file:/H:/DITA/RNG2DTD_Converter/rng2dtd/parson-rng/com.parson-europe.dita.rng/rng/technicalContent/rng/par_task.rng"
     [java]  + [WARN] Failed to resolve reference to URI "urn:par:dita:rng:par_indexingDomainConstraint.rng, relative to base URI
     [java] "file:/H:/DITA/RNG2DTD_Converter/rng2dtd/parson-rng/com.parson-europe.dita.rng/rng/technicalContent/rng/par_task.rng"
     [java]  + [WARN] Failed to resolve reference to URI "urn:par:dita:rng:par_utilitiesDomainConstraint.rng, relative to base URI
     [java] "file:/H:/DITA/RNG2DTD_Converter/rng2dtd/parson-rng/com.parson-europe.dita.rng/rng/technicalContent/rng/par_task.rng"
     [java]  + [WARN] Failed to resolve reference to URI "urn:par:dita:rng:par_hazardstatementDomainConstraint.rng, relative to base URI
     [java] "file:/H:/DITA/RNG2DTD_Converter/rng2dtd/parson-rng/com.parson-europe.dita.rng/rng/technicalContent/rng/par_task.rng"
     [java]  - [WARN] rngfunc:getIncludedModules(): Failed to resolve URI "urn:par:dita:rng:par_taskConstraintMod.rng" to a module.
     [java]  - [WARN]    Base URI = "file:/H:/DITA/RNG2DTD_Converter/rng2dtd/parson-rng/com.parson-europe.dita.rng/rng/technicalContent/rng/par_task.rng"
     [java]  - [WARN] rngfunc:getIncludedModules(): Failed to resolve URI "urn:par:dita:rng:par_topicConstraintMod.rng" to a module.
     [java]  - [WARN]    Base URI = "file:/H:/DITA/RNG2DTD_Converter/rng2dtd/parson-rng/com.parson-europe.dita.rng/rng/technicalContent/rng/par_task.rng"
     [java]  - [WARN] rngfunc:getIncludedModules(): Failed to resolve URI "urn:par:dita:rng:par_softwareDomainConstraint.rng" to a module.
     [java]  - [WARN]    Base URI = "file:/H:/DITA/RNG2DTD_Converter/rng2dtd/parson-rng/com.parson-europe.dita.rng/rng/technicalContent/rng/par_task.rng"
     [java]  - [WARN] rngfunc:getIncludedModules(): Failed to resolve URI "urn:par:dita:rng:par_abbreviateDomainConstraint.rng" to a module.
     [java]  - [WARN]    Base URI = "file:/H:/DITA/RNG2DTD_Converter/rng2dtd/parson-rng/com.parson-europe.dita.rng/rng/technicalContent/rng/par_task.rng"
     [java]  - [WARN] rngfunc:getIncludedModules(): Failed to resolve URI "urn:par:dita:rng:par_programmingDomainConstraint.rng" to a module.
     [java]  - [WARN]    Base URI = "file:/H:/DITA/RNG2DTD_Converter/rng2dtd/parson-rng/com.parson-europe.dita.rng/rng/technicalContent/rng/par_task.rng"
     [java]  - [WARN] rngfunc:getIncludedModules(): Failed to resolve URI "urn:par:dita:rng:par_uiDomainConstraint.rng" to a module.
     [java]  - [WARN]    Base URI = "file:/H:/DITA/RNG2DTD_Converter/rng2dtd/parson-rng/com.parson-europe.dita.rng/rng/technicalContent/rng/par_task.rng"
     [java]  - [WARN] rngfunc:getIncludedModules(): Failed to resolve URI "urn:par:dita:rng:par_mathmlDomainConstraint.rng" to a module.
     [java]  - [WARN]    Base URI = "file:/H:/DITA/RNG2DTD_Converter/rng2dtd/parson-rng/com.parson-europe.dita.rng/rng/technicalContent/rng/par_task.rng"
     [java]  - [WARN] rngfunc:getIncludedModules(): Failed to resolve URI "urn:par:dita:rng:par_equationDomainConstraint.rng" to a module.
     [java]  - [WARN]    Base URI = "file:/H:/DITA/RNG2DTD_Converter/rng2dtd/parson-rng/com.parson-europe.dita.rng/rng/technicalContent/rng/par_task.rng"
     [java]  - [WARN] rngfunc:getIncludedModules(): Failed to resolve URI "urn:par:dita:rng:par_highlightDomainConstraint.rng" to a module.
     [java]  - [WARN]    Base URI = "file:/H:/DITA/RNG2DTD_Converter/rng2dtd/parson-rng/com.parson-europe.dita.rng/rng/technicalContent/rng/par_task.rng"
     [java]  - [WARN] rngfunc:getIncludedModules(): Failed to resolve URI "urn:par:dita:rng:par_indexingDomainConstraint.rng" to a module.
     [java]  - [WARN]    Base URI = "file:/H:/DITA/RNG2DTD_Converter/rng2dtd/parson-rng/com.parson-europe.dita.rng/rng/technicalContent/rng/par_task.rng"
     [java]  - [WARN] rngfunc:getIncludedModules(): Failed to resolve URI "urn:par:dita:rng:par_utilitiesDomainConstraint.rng" to a module.
     [java]  - [WARN]    Base URI = "file:/H:/DITA/RNG2DTD_Converter/rng2dtd/parson-rng/com.parson-europe.dita.rng/rng/technicalContent/rng/par_task.rng"
     [java]  - [WARN] rngfunc:getIncludedModules(): Failed to resolve URI "urn:par:dita:rng:par_hazardstatementDomainConstraint.rng" to a module.
     [java]  - [WARN]    Base URI = "file:/H:/DITA/RNG2DTD_Converter/rng2dtd/parson-rng/com.parson-europe.dita.rng/rng/technicalContent/rng/par_task.rng"
     [java]  + [INFO] === DTD shell par_task.dtd generated.
     [java]  - [WARN] getReferencedModules: Failed to resolve reference to module for href "urn:par:dita:rng:par_topicConstraintMod.rng relative to URI "file:/H:/DITA/RNG2DTD_Converter/rng2dtd/parson-rng/com.parson-europe.dita.rng/rng/technicalContent/rng/par_topic.rng".
     [java]  - [WARN] getReferencedModules: Failed to resolve reference to module for href "urn:par:dita:rng:par_softwareDomainConstraint.rng relative to URI "file:/H:/DITA/RNG2DTD_Converter/rng2dtd/parson-rng/com.parson-europe.dita.rng/rng/technicalContent/rng/par_topic.rng".
     [java]  - [WARN] getReferencedModules: Failed to resolve reference to module for href "urn:par:dita:rng:par_abbreviateDomainConstraint.rng relative to URI "file:/H:/DITA/RNG2DTD_Converter/rng2dtd/parson-rng/com.parson-europe.dita.rng/rng/technicalContent/rng/par_topic.rng".
     [java]  - [WARN] getReferencedModules: Failed to resolve reference to module for href "urn:par:dita:rng:par_programmingDomainConstraint.rng relative to URI "file:/H:/DITA/RNG2DTD_Converter/rng2dtd/parson-rng/com.parson-europe.dita.rng/rng/technicalContent/rng/par_topic.rng".
     [java]  - [WARN] getReferencedModules: Failed to resolve reference to module for href "urn:par:dita:rng:par_uiDomainConstraint.rng relative to URI "file:/H:/DITA/RNG2DTD_Converter/rng2dtd/parson-rng/com.parson-europe.dita.rng/rng/technicalContent/rng/par_topic.rng".
     [java]  - [WARN] getReferencedModules: Failed to resolve reference to module for href "urn:par:dita:rng:par_mathmlDomainConstraint.rng relative to URI "file:/H:/DITA/RNG2DTD_Converter/rng2dtd/parson-rng/com.parson-europe.dita.rng/rng/technicalContent/rng/par_topic.rng".
     [java]  - [WARN] getReferencedModules: Failed to resolve reference to module for href "urn:par:dita:rng:par_equationDomainConstraint.rng relative to URI "file:/H:/DITA/RNG2DTD_Converter/rng2dtd/parson-rng/com.parson-europe.dita.rng/rng/technicalContent/rng/par_topic.rng".
     [java]  - [WARN] getReferencedModules: Failed to resolve reference to module for href "urn:par:dita:rng:par_highlightDomainConstraint.rng relative to URI "file:/H:/DITA/RNG2DTD_Converter/rng2dtd/parson-rng/com.parson-europe.dita.rng/rng/technicalContent/rng/par_topic.rng".
     [java]  - [WARN] getReferencedModules: Failed to resolve reference to module for href "urn:par:dita:rng:par_indexingDomainConstraint.rng relative to URI "file:/H:/DITA/RNG2DTD_Converter/rng2dtd/parson-rng/com.parson-europe.dita.rng/rng/technicalContent/rng/par_topic.rng".
     [java]  - [WARN] getReferencedModules: Failed to resolve reference to module for href "urn:par:dita:rng:par_utilitiesDomainConstraint.rng relative to URI "file:/H:/DITA/RNG2DTD_Converter/rng2dtd/parson-rng/com.parson-europe.dita.rng/rng/technicalContent/rng/par_topic.rng".
     [java]  - [WARN] getReferencedModules: Failed to resolve reference to module for href "urn:par:dita:rng:par_hazardstatementDomainConstraint.rng relative to URI "file:/H:/DITA/RNG2DTD_Converter/rng2dtd/parson-rng/com.parson-europe.dita.rng/rng/technicalContent/rng/par_topic.rng".
     [java]  + [INFO] === Generating DTD shell par_topic.dtd...
     [java]  + [INFO]    Domain modules to integrate: 
     [java]  + [WARN] Failed to resolve reference to URI "urn:par:dita:rng:par_topicConstraintMod.rng, relative to base URI
     [java] "file:/H:/DITA/RNG2DTD_Converter/rng2dtd/parson-rng/com.parson-europe.dita.rng/rng/technicalContent/rng/par_topic.rng"
     [java]  + [WARN] Failed to resolve reference to URI "urn:par:dita:rng:par_softwareDomainConstraint.rng, relative to base URI
     [java] "file:/H:/DITA/RNG2DTD_Converter/rng2dtd/parson-rng/com.parson-europe.dita.rng/rng/technicalContent/rng/par_topic.rng"
     [java]  + [WARN] Failed to resolve reference to URI "urn:par:dita:rng:par_abbreviateDomainConstraint.rng, relative to base URI
     [java] "file:/H:/DITA/RNG2DTD_Converter/rng2dtd/parson-rng/com.parson-europe.dita.rng/rng/technicalContent/rng/par_topic.rng"
     [java]  + [WARN] Failed to resolve reference to URI "urn:par:dita:rng:par_programmingDomainConstraint.rng, relative to base URI
     [java] "file:/H:/DITA/RNG2DTD_Converter/rng2dtd/parson-rng/com.parson-europe.dita.rng/rng/technicalContent/rng/par_topic.rng"
     [java]  + [WARN] Failed to resolve reference to URI "urn:par:dita:rng:par_uiDomainConstraint.rng, relative to base URI
     [java] "file:/H:/DITA/RNG2DTD_Converter/rng2dtd/parson-rng/com.parson-europe.dita.rng/rng/technicalContent/rng/par_topic.rng"
     [java]  + [WARN] Failed to resolve reference to URI "urn:par:dita:rng:par_mathmlDomainConstraint.rng, relative to base URI
     [java] "file:/H:/DITA/RNG2DTD_Converter/rng2dtd/parson-rng/com.parson-europe.dita.rng/rng/technicalContent/rng/par_topic.rng"
     [java]  + [WARN] Failed to resolve reference to URI "urn:par:dita:rng:par_equationDomainConstraint.rng, relative to base URI
     [java] "file:/H:/DITA/RNG2DTD_Converter/rng2dtd/parson-rng/com.parson-europe.dita.rng/rng/technicalContent/rng/par_topic.rng"
     [java]  + [WARN] Failed to resolve reference to URI "urn:par:dita:rng:par_highlightDomainConstraint.rng, relative to base URI
     [java] "file:/H:/DITA/RNG2DTD_Converter/rng2dtd/parson-rng/com.parson-europe.dita.rng/rng/technicalContent/rng/par_topic.rng"
     [java]  + [WARN] Failed to resolve reference to URI "urn:par:dita:rng:par_indexingDomainConstraint.rng, relative to base URI
     [java] "file:/H:/DITA/RNG2DTD_Converter/rng2dtd/parson-rng/com.parson-europe.dita.rng/rng/technicalContent/rng/par_topic.rng"
     [java]  + [WARN] Failed to resolve reference to URI "urn:par:dita:rng:par_utilitiesDomainConstraint.rng, relative to base URI
     [java] "file:/H:/DITA/RNG2DTD_Converter/rng2dtd/parson-rng/com.parson-europe.dita.rng/rng/technicalContent/rng/par_topic.rng"
     [java]  + [WARN] Failed to resolve reference to URI "urn:par:dita:rng:par_hazardstatementDomainConstraint.rng, relative to base URI
     [java] "file:/H:/DITA/RNG2DTD_Converter/rng2dtd/parson-rng/com.parson-europe.dita.rng/rng/technicalContent/rng/par_topic.rng"
     [java]  - [WARN] rngfunc:getIncludedModules(): Failed to resolve URI "urn:par:dita:rng:par_topicConstraintMod.rng" to a module.
     [java]  - [WARN]    Base URI = "file:/H:/DITA/RNG2DTD_Converter/rng2dtd/parson-rng/com.parson-europe.dita.rng/rng/technicalContent/rng/par_topic.rng"
     [java]  - [WARN] rngfunc:getIncludedModules(): Failed to resolve URI "urn:par:dita:rng:par_softwareDomainConstraint.rng" to a module.
     [java]  - [WARN]    Base URI = "file:/H:/DITA/RNG2DTD_Converter/rng2dtd/parson-rng/com.parson-europe.dita.rng/rng/technicalContent/rng/par_topic.rng"
     [java]  - [WARN] rngfunc:getIncludedModules(): Failed to resolve URI "urn:par:dita:rng:par_abbreviateDomainConstraint.rng" to a module.
     [java]  - [WARN]    Base URI = "file:/H:/DITA/RNG2DTD_Converter/rng2dtd/parson-rng/com.parson-europe.dita.rng/rng/technicalContent/rng/par_topic.rng"
     [java]  - [WARN] rngfunc:getIncludedModules(): Failed to resolve URI "urn:par:dita:rng:par_programmingDomainConstraint.rng" to a module.
     [java]  - [WARN]    Base URI = "file:/H:/DITA/RNG2DTD_Converter/rng2dtd/parson-rng/com.parson-europe.dita.rng/rng/technicalContent/rng/par_topic.rng"
     [java]  - [WARN] rngfunc:getIncludedModules(): Failed to resolve URI "urn:par:dita:rng:par_uiDomainConstraint.rng" to a module.
     [java]  - [WARN]    Base URI = "file:/H:/DITA/RNG2DTD_Converter/rng2dtd/parson-rng/com.parson-europe.dita.rng/rng/technicalContent/rng/par_topic.rng"
     [java]  - [WARN] rngfunc:getIncludedModules(): Failed to resolve URI "urn:par:dita:rng:par_mathmlDomainConstraint.rng" to a module.
     [java]  - [WARN]    Base URI = "file:/H:/DITA/RNG2DTD_Converter/rng2dtd/parson-rng/com.parson-europe.dita.rng/rng/technicalContent/rng/par_topic.rng"
     [java]  - [WARN] rngfunc:getIncludedModules(): Failed to resolve URI "urn:par:dita:rng:par_equationDomainConstraint.rng" to a module.
     [java]  - [WARN]    Base URI = "file:/H:/DITA/RNG2DTD_Converter/rng2dtd/parson-rng/com.parson-europe.dita.rng/rng/technicalContent/rng/par_topic.rng"
     [java]  - [WARN] rngfunc:getIncludedModules(): Failed to resolve URI "urn:par:dita:rng:par_highlightDomainConstraint.rng" to a module.
     [java]  - [WARN]    Base URI = "file:/H:/DITA/RNG2DTD_Converter/rng2dtd/parson-rng/com.parson-europe.dita.rng/rng/technicalContent/rng/par_topic.rng"
     [java]  - [WARN] rngfunc:getIncludedModules(): Failed to resolve URI "urn:par:dita:rng:par_indexingDomainConstraint.rng" to a module.
     [java]  - [WARN]    Base URI = "file:/H:/DITA/RNG2DTD_Converter/rng2dtd/parson-rng/com.parson-europe.dita.rng/rng/technicalContent/rng/par_topic.rng"
     [java]  - [WARN] rngfunc:getIncludedModules(): Failed to resolve URI "urn:par:dita:rng:par_utilitiesDomainConstraint.rng" to a module.
     [java]  - [WARN]    Base URI = "file:/H:/DITA/RNG2DTD_Converter/rng2dtd/parson-rng/com.parson-europe.dita.rng/rng/technicalContent/rng/par_topic.rng"
     [java]  - [WARN] rngfunc:getIncludedModules(): Failed to resolve URI "urn:par:dita:rng:par_hazardstatementDomainConstraint.rng" to a module.
     [java]  - [WARN]    Base URI = "file:/H:/DITA/RNG2DTD_Converter/rng2dtd/parson-rng/com.parson-europe.dita.rng/rng/technicalContent/rng/par_topic.rng"
     [java]  + [INFO] === DTD shell par_topic.dtd generated.
     [java]  - [WARN] getReferencedModules: Failed to resolve reference to module for href "urn:par:dita:rng:par_topicConstraintMod.rng relative to URI "file:/H:/DITA/RNG2DTD_Converter/rng2dtd/parson-rng/com.parson-europe.dita.rng/rng/technicalContent/rng/par_troubleshooting.rng".
     [java]  - [WARN] getReferencedModules: Failed to resolve reference to module for href "urn:par:dita:rng:par_taskConstraintMod.rng relative to URI "file:/H:/DITA/RNG2DTD_Converter/rng2dtd/parson-rng/com.parson-europe.dita.rng/rng/technicalContent/rng/par_troubleshooting.rng".
     [java]  - [WARN] getReferencedModules: Failed to resolve reference to module for href "urn:par:dita:rng:par_troubleshootingConstraintMod.rng relative to URI "file:/H:/DITA/RNG2DTD_Converter/rng2dtd/parson-rng/com.parson-europe.dita.rng/rng/technicalContent/rng/par_troubleshooting.rng".
     [java]  - [WARN] getReferencedModules: Failed to resolve reference to module for href "urn:par:dita:rng:par_softwareDomainConstraint.rng relative to URI "file:/H:/DITA/RNG2DTD_Converter/rng2dtd/parson-rng/com.parson-europe.dita.rng/rng/technicalContent/rng/par_troubleshooting.rng".
     [java]  - [WARN] getReferencedModules: Failed to resolve reference to module for href "urn:par:dita:rng:par_abbreviateDomainConstraint.rng relative to URI "file:/H:/DITA/RNG2DTD_Converter/rng2dtd/parson-rng/com.parson-europe.dita.rng/rng/technicalContent/rng/par_troubleshooting.rng".
     [java]  - [WARN] getReferencedModules: Failed to resolve reference to module for href "urn:par:dita:rng:par_programmingDomainConstraint.rng relative to URI "file:/H:/DITA/RNG2DTD_Converter/rng2dtd/parson-rng/com.parson-europe.dita.rng/rng/technicalContent/rng/par_troubleshooting.rng".
     [java]  - [WARN] getReferencedModules: Failed to resolve reference to module for href "urn:par:dita:rng:par_uiDomainConstraint.rng relative to URI "file:/H:/DITA/RNG2DTD_Converter/rng2dtd/parson-rng/com.parson-europe.dita.rng/rng/technicalContent/rng/par_troubleshooting.rng".
     [java]  - [WARN] getReferencedModules: Failed to resolve reference to module for href "urn:par:dita:rng:par_mathmlDomainConstraint.rng relative to URI "file:/H:/DITA/RNG2DTD_Converter/rng2dtd/parson-rng/com.parson-europe.dita.rng/rng/technicalContent/rng/par_troubleshooting.rng".
     [java]  - [WARN] getReferencedModules: Failed to resolve reference to module for href "urn:par:dita:rng:par_equationDomainConstraint.rng relative to URI "file:/H:/DITA/RNG2DTD_Converter/rng2dtd/parson-rng/com.parson-europe.dita.rng/rng/technicalContent/rng/par_troubleshooting.rng".
     [java]  - [WARN] getReferencedModules: Failed to resolve reference to module for href "urn:par:dita:rng:par_highlightDomainConstraint.rng relative to URI "file:/H:/DITA/RNG2DTD_Converter/rng2dtd/parson-rng/com.parson-europe.dita.rng/rng/technicalContent/rng/par_troubleshooting.rng".
     [java]  - [WARN] getReferencedModules: Failed to resolve reference to module for href "urn:par:dita:rng:par_indexingDomainConstraint.rng relative to URI "file:/H:/DITA/RNG2DTD_Converter/rng2dtd/parson-rng/com.parson-europe.dita.rng/rng/technicalContent/rng/par_troubleshooting.rng".
     [java]  - [WARN] getReferencedModules: Failed to resolve reference to module for href "urn:par:dita:rng:par_utilitiesDomainConstraint.rng relative to URI "file:/H:/DITA/RNG2DTD_Converter/rng2dtd/parson-rng/com.parson-europe.dita.rng/rng/technicalContent/rng/par_troubleshooting.rng".
     [java]  - [WARN] getReferencedModules: Failed to resolve reference to module for href "urn:par:dita:rng:par_hazardstatementDomainConstraint.rng relative to URI "file:/H:/DITA/RNG2DTD_Converter/rng2dtd/parson-rng/com.parson-europe.dita.rng/rng/technicalContent/rng/par_troubleshooting.rng".
     [java]  + [INFO] === Generating DTD shell par_troubleshooting.dtd...
     [java]  + [INFO]    Domain modules to integrate: 
     [java]  + [WARN] Failed to resolve reference to URI "urn:par:dita:rng:par_topicConstraintMod.rng, relative to base URI
     [java] "file:/H:/DITA/RNG2DTD_Converter/rng2dtd/parson-rng/com.parson-europe.dita.rng/rng/technicalContent/rng/par_troubleshooting.rng"
     [java]  + [WARN] Failed to resolve reference to URI "urn:par:dita:rng:par_taskConstraintMod.rng, relative to base URI
     [java] "file:/H:/DITA/RNG2DTD_Converter/rng2dtd/parson-rng/com.parson-europe.dita.rng/rng/technicalContent/rng/par_troubleshooting.rng"
     [java]  + [WARN] Failed to resolve reference to URI "urn:par:dita:rng:par_troubleshootingConstraintMod.rng, relative to base URI
     [java] "file:/H:/DITA/RNG2DTD_Converter/rng2dtd/parson-rng/com.parson-europe.dita.rng/rng/technicalContent/rng/par_troubleshooting.rng"
     [java]  + [WARN] Failed to resolve reference to URI "urn:par:dita:rng:par_softwareDomainConstraint.rng, relative to base URI
     [java] "file:/H:/DITA/RNG2DTD_Converter/rng2dtd/parson-rng/com.parson-europe.dita.rng/rng/technicalContent/rng/par_troubleshooting.rng"
     [java]  + [WARN] Failed to resolve reference to URI "urn:par:dita:rng:par_abbreviateDomainConstraint.rng, relative to base URI
     [java] "file:/H:/DITA/RNG2DTD_Converter/rng2dtd/parson-rng/com.parson-europe.dita.rng/rng/technicalContent/rng/par_troubleshooting.rng"
     [java]  + [WARN] Failed to resolve reference to URI "urn:par:dita:rng:par_programmingDomainConstraint.rng, relative to base URI
     [java] "file:/H:/DITA/RNG2DTD_Converter/rng2dtd/parson-rng/com.parson-europe.dita.rng/rng/technicalContent/rng/par_troubleshooting.rng"
     [java]  + [WARN] Failed to resolve reference to URI "urn:par:dita:rng:par_uiDomainConstraint.rng, relative to base URI
     [java] "file:/H:/DITA/RNG2DTD_Converter/rng2dtd/parson-rng/com.parson-europe.dita.rng/rng/technicalContent/rng/par_troubleshooting.rng"
     [java]  + [WARN] Failed to resolve reference to URI "urn:par:dita:rng:par_mathmlDomainConstraint.rng, relative to base URI
     [java] "file:/H:/DITA/RNG2DTD_Converter/rng2dtd/parson-rng/com.parson-europe.dita.rng/rng/technicalContent/rng/par_troubleshooting.rng"
     [java]  + [WARN] Failed to resolve reference to URI "urn:par:dita:rng:par_equationDomainConstraint.rng, relative to base URI
     [java] "file:/H:/DITA/RNG2DTD_Converter/rng2dtd/parson-rng/com.parson-europe.dita.rng/rng/technicalContent/rng/par_troubleshooting.rng"
     [java]  + [WARN] Failed to resolve reference to URI "urn:par:dita:rng:par_highlightDomainConstraint.rng, relative to base URI
     [java] "file:/H:/DITA/RNG2DTD_Converter/rng2dtd/parson-rng/com.parson-europe.dita.rng/rng/technicalContent/rng/par_troubleshooting.rng"
     [java]  + [WARN] Failed to resolve reference to URI "urn:par:dita:rng:par_indexingDomainConstraint.rng, relative to base URI
     [java] "file:/H:/DITA/RNG2DTD_Converter/rng2dtd/parson-rng/com.parson-europe.dita.rng/rng/technicalContent/rng/par_troubleshooting.rng"
     [java]  + [WARN] Failed to resolve reference to URI "urn:par:dita:rng:par_utilitiesDomainConstraint.rng, relative to base URI
     [java] "file:/H:/DITA/RNG2DTD_Converter/rng2dtd/parson-rng/com.parson-europe.dita.rng/rng/technicalContent/rng/par_troubleshooting.rng"
     [java]  + [WARN] Failed to resolve reference to URI "urn:par:dita:rng:par_hazardstatementDomainConstraint.rng, relative to base URI
     [java] "file:/H:/DITA/RNG2DTD_Converter/rng2dtd/parson-rng/com.parson-europe.dita.rng/rng/technicalContent/rng/par_troubleshooting.rng"
     [java]  - [WARN] rngfunc:getIncludedModules(): Failed to resolve URI "urn:par:dita:rng:par_topicConstraintMod.rng" to a module.
     [java]  - [WARN]    Base URI = "file:/H:/DITA/RNG2DTD_Converter/rng2dtd/parson-rng/com.parson-europe.dita.rng/rng/technicalContent/rng/par_troubleshooting.rng"
     [java]  - [WARN] rngfunc:getIncludedModules(): Failed to resolve URI "urn:par:dita:rng:par_taskConstraintMod.rng" to a module.
     [java]  - [WARN]    Base URI = "file:/H:/DITA/RNG2DTD_Converter/rng2dtd/parson-rng/com.parson-europe.dita.rng/rng/technicalContent/rng/par_troubleshooting.rng"
     [java]  - [WARN] rngfunc:getIncludedModules(): Failed to resolve URI "urn:par:dita:rng:par_troubleshootingConstraintMod.rng" to a module.
     [java]  - [WARN]    Base URI = "file:/H:/DITA/RNG2DTD_Converter/rng2dtd/parson-rng/com.parson-europe.dita.rng/rng/technicalContent/rng/par_troubleshooting.rng"
     [java]  - [WARN] rngfunc:getIncludedModules(): Failed to resolve URI "urn:par:dita:rng:par_softwareDomainConstraint.rng" to a module.
     [java]  - [WARN]    Base URI = "file:/H:/DITA/RNG2DTD_Converter/rng2dtd/parson-rng/com.parson-europe.dita.rng/rng/technicalContent/rng/par_troubleshooting.rng"
     [java]  - [WARN] rngfunc:getIncludedModules(): Failed to resolve URI "urn:par:dita:rng:par_abbreviateDomainConstraint.rng" to a module.
     [java]  - [WARN]    Base URI = "file:/H:/DITA/RNG2DTD_Converter/rng2dtd/parson-rng/com.parson-europe.dita.rng/rng/technicalContent/rng/par_troubleshooting.rng"
     [java]  - [WARN] rngfunc:getIncludedModules(): Failed to resolve URI "urn:par:dita:rng:par_programmingDomainConstraint.rng" to a module.
     [java]  - [WARN]    Base URI = "file:/H:/DITA/RNG2DTD_Converter/rng2dtd/parson-rng/com.parson-europe.dita.rng/rng/technicalContent/rng/par_troubleshooting.rng"
     [java]  - [WARN] rngfunc:getIncludedModules(): Failed to resolve URI "urn:par:dita:rng:par_uiDomainConstraint.rng" to a module.
     [java]  - [WARN]    Base URI = "file:/H:/DITA/RNG2DTD_Converter/rng2dtd/parson-rng/com.parson-europe.dita.rng/rng/technicalContent/rng/par_troubleshooting.rng"
     [java]  - [WARN] rngfunc:getIncludedModules(): Failed to resolve URI "urn:par:dita:rng:par_mathmlDomainConstraint.rng" to a module.
     [java]  - [WARN]    Base URI = "file:/H:/DITA/RNG2DTD_Converter/rng2dtd/parson-rng/com.parson-europe.dita.rng/rng/technicalContent/rng/par_troubleshooting.rng"
     [java]  - [WARN] rngfunc:getIncludedModules(): Failed to resolve URI "urn:par:dita:rng:par_equationDomainConstraint.rng" to a module.
     [java]  - [WARN]    Base URI = "file:/H:/DITA/RNG2DTD_Converter/rng2dtd/parson-rng/com.parson-europe.dita.rng/rng/technicalContent/rng/par_troubleshooting.rng"
     [java]  - [WARN] rngfunc:getIncludedModules(): Failed to resolve URI "urn:par:dita:rng:par_highlightDomainConstraint.rng" to a module.
     [java]  - [WARN]    Base URI = "file:/H:/DITA/RNG2DTD_Converter/rng2dtd/parson-rng/com.parson-europe.dita.rng/rng/technicalContent/rng/par_troubleshooting.rng"
     [java]  - [WARN] rngfunc:getIncludedModules(): Failed to resolve URI "urn:par:dita:rng:par_indexingDomainConstraint.rng" to a module.
     [java]  - [WARN]    Base URI = "file:/H:/DITA/RNG2DTD_Converter/rng2dtd/parson-rng/com.parson-europe.dita.rng/rng/technicalContent/rng/par_troubleshooting.rng"
     [java]  - [WARN] rngfunc:getIncludedModules(): Failed to resolve URI "urn:par:dita:rng:par_utilitiesDomainConstraint.rng" to a module.
     [java]  - [WARN]    Base URI = "file:/H:/DITA/RNG2DTD_Converter/rng2dtd/parson-rng/com.parson-europe.dita.rng/rng/technicalContent/rng/par_troubleshooting.rng"
     [java]  - [WARN] rngfunc:getIncludedModules(): Failed to resolve URI "urn:par:dita:rng:par_hazardstatementDomainConstraint.rng" to a module.
     [java]  - [WARN]    Base URI = "file:/H:/DITA/RNG2DTD_Converter/rng2dtd/parson-rng/com.parson-europe.dita.rng/rng/technicalContent/rng/par_troubleshooting.rng"
     [java]  + [INFO] === DTD shell par_troubleshooting.dtd generated.
     [java]  + [INFO] Done.
     [echo] catalogOutDir=H:\GitHub\dita-rng-converter\nakohdo\parson\1.3

check.copyVocabs:

copy1.3ForeignVocabs:

BUILD SUCCESSFUL
Total time: 22 seconds
